"../../../Engine/Content/Animation/DefaultAnimCurveCompressionSettings.uasset" 0
"../../../Engine/Content/Functions/Engine_MaterialFunctions01/Opacity/CameraDepthFade.uasset" 1
"../../../Engine/Content/EngineMaterials/T_Default_Material_Grid_M.uasset" 2
"../../../Engine/Content/EngineMaterials/T_Default_Material_Grid_N.uasset" 3
"../../../Engine/Content/EngineMaterials/WorldGridMaterial.uasset" 4
"../../../Engine/Content/ArtTools/RenderToTexture/Meshes/S_1_Unit_Plane.uasset" 5
"../../../Engine/Content/EngineMaterials/DefaultMaterial.uasset" 6
"../../../Engine/Content/BasicShapes/Cone.uasset" 7
"../../../Engine/Content/BasicShapes/Cylinder.uasset" 8
"../../../Engine/Content/BasicShapes/Plane.uasset" 9
"../../../Engine/Content/BasicShapes/Sphere.uasset" 10
"../../../Engine/Content/EngineMaterials/DefaultPhysicalMaterial.uasset" 11
"../../../Engine/Content/BufferVisualization/AmbientOcclusion.uasset" 12
"../../../Engine/Content/BufferVisualization/BaseColor.uasset" 13
"../../../Engine/Content/BufferVisualization/CustomDepth.uasset" 14
"../../../Engine/Content/Functions/Engine_MaterialFunctions02/Utility/VectorLength.uasset" 15
"../../../Engine/Content/BufferVisualization/CustomDepthWorldUnits.uasset" 16
"../../../Engine/Content/Functions/Engine_MaterialFunctions02/Utility/BreakOutFloat2Components.uasset" 17
"../../../Engine/Content/Functions/Engine_MaterialFunctions01/Texturing/ScaleUVsByCenter.uasset" 18
"../../../Engine/Content/Functions/Engine_MaterialFunctions02/ScreenResolution.uasset" 19
"../../../Engine/Content/Functions/Engine_MaterialFunctions02/Texturing/ScreenAlignedUVs.uasset" 20
"../../../Engine/Content/Functions/Engine_MaterialFunctions02/Utility/MakeFloat2.uasset" 21
"../../../Engine/Content/Functions/Engine_MaterialFunctions02/Utility/MakeFloat3.uasset" 22
"../../../Engine/Content/EngineMaterials/MiniFont.uasset" 23
"../../../Engine/Content/BufferVisualization/CustomStencil.uasset" 24
"../../../Engine/Content/BufferVisualization/FinalImage.uasset" 25
"../../../Engine/Content/BufferVisualization/LightingModel.uasset" 26
"../../../Engine/Content/BufferVisualization/MaterialAO.uasset" 27
"../../../Engine/Content/BufferVisualization/Metallic.uasset" 28
"../../../Engine/Content/BufferVisualization/Opacity.uasset" 29
"../../../Engine/Content/BufferVisualization/PostTonemapHDRColor.uasset" 30
"../../../Engine/Content/BufferVisualization/PreTonemapHDRColor.uasset" 31
"../../../Engine/Content/BufferVisualization/Roughness.uasset" 32
"../../../Engine/Content/BufferVisualization/SceneColor.uasset" 33
"../../../Engine/Content/BufferVisualization/SceneDepth.uasset" 34
"../../../Engine/Content/BufferVisualization/SceneDepthWorldUnits.uasset" 35
"../../../Engine/Content/BufferVisualization/SeparateTranslucencyA.uasset" 36
"../../../Engine/Content/BufferVisualization/SeparateTranslucencyRGB.uasset" 37
"../../../Engine/Content/BufferVisualization/Specular.uasset" 38
"../../../Engine/Content/BufferVisualization/SubsurfaceColor.uasset" 39
"../../../Engine/Content/BufferVisualization/Velocity.uasset" 40
"../../../Engine/Content/BufferVisualization/WorldNormal.uasset" 41
"../../../Engine/Content/EditorLandscapeResources/DataLayer.uasset" 42
"../../../Engine/Content/EditorLandscapeResources/DefaultAlphaTexture.uasset" 43
"../../../Engine/Content/EditorLandscapeResources/LandscapeGizmoHeight_Mat.uasset" 44
"../../../Engine/Content/EditorLandscapeResources/LandscapeGizmo_Mat.uasset" 45
"../../../Engine/Content/EditorLandscapeResources/LandscapeGizmo_Mat_Copied.uasset" 46
"../../../Engine/Content/EditorLandscapeResources/MirrorPlaneMaterial.uasset" 47
"../../../Engine/Content/EditorLandscapeResources/SplineEditorMeshMat.uasset" 48
"../../../Engine/Content/EditorLandscapeResources/SplineEditorMesh.uasset" 49
"../../../Engine/Content/EditorMaterials/Cross.uasset" 50
"../../../Engine/Content/EditorMaterials/Cross_Mat.uasset" 51
"../../../Engine/Content/EditorMaterials/GizmoMaterial.uasset" 52
"../../../Engine/Content/Functions/Engine_MaterialFunctions02/ExampleContent/Textures/flipbook.uasset" 53
"../../../Engine/Content/Functions/Engine_MaterialFunctions02/Texturing/FlipBook.uasset" 54
"../../../Engine/Content/Functions/Engine_MaterialFunctions02/Utility/Sign.uasset" 55
"../../../Engine/Content/Functions/Engine_MaterialFunctions02/Utility/Round.uasset" 56
"../../../Engine/Content/EditorResources/T_EditorHelp.uasset" 57
"../../../Engine/Content/EditorMaterials/HelpActorMaterial.uasset" 58
"../../../Engine/Content/EditorMaterials/CompositeARGBLayer.uasset" 59
"../../../Engine/Content/EditorMaterials/TilingAALineIntegral.uasset" 60
"../../../Engine/Content/EditorMaterials/TilingAALineBoxFiltered.uasset" 61
"../../../Engine/Content/Functions/Engine_MaterialFunctions03/Procedurals/ComputeFilterWidth.uasset" 62
"../../../Engine/Content/EditorMaterials/TilingAADots.uasset" 63
"../../../Engine/Content/EngineMaterials/BlendFunc_DefBase.uasset" 64
"../../../Engine/Content/EngineMaterials/BlendFunc_DefBlend.uasset" 65
"../../../Engine/Content/Functions/Engine_MaterialFunctions03/Blends/Blend_Screen.uasset" 66
"../../../Engine/Content/EditorMaterials/TilingAAGrid.uasset" 67
"../../../Engine/Content/EditorMaterials/LevelGridMaterial.uasset" 68
"../../../Engine/Content/EditorMaterials/MakeCompositeARGBLayer.uasset" 69
"../../../Engine/Content/EditorResources/LevelGrid1DStripes.uasset" 70
"../../../Engine/Content/EditorMaterials/TextureGridCascaded1D.uasset" 71
"../../../Engine/Content/EditorMaterials/TextureGridCascaded2D.uasset" 72
"../../../Engine/Content/EditorMaterials/LevelGridMaterial2.uasset" 73
"../../../Engine/Content/EditorMaterials/MAT_Groups_Toggle.uasset" 74
"../../../Engine/Content/EditorMaterials/MAT_Groups_Visibility.uasset" 75
"../../../Engine/Content/EditorMaterials/PhAT_BoneSelectedMaterial.uasset" 76
"../../../Engine/Content/EditorMaterials/PhAT_ElemSelectedMaterial.uasset" 77
"../../../Engine/Content/EditorMaterials/PhAT_NoCollisionMaterial.uasset" 78
"../../../Engine/Content/EditorMaterials/PhAT_UnselectedMaterial.uasset" 79
"../../../Engine/Content/EditorMaterials/PreviewShadowIndicator.uasset" 80
"../../../Engine/Content/EditorMaterials/PreviewShadowIndicatorMaterial.uasset" 81
"../../../Engine/Content/EditorMaterials/TargetIcon.uasset" 82
"../../../Engine/Content/EditorMaterials/Tick.uasset" 83
"../../../Engine/Content/EditorMaterials/Tick_Mat.uasset" 84
"../../../Engine/Content/EditorMaterials/WidgetGridVertexColorMaterial.uasset" 85
"../../../Engine/Content/EditorMaterials/WidgetGridVertexColorMaterial_Ma.uasset" 86
"../../../Engine/Content/EditorMaterials/WidgetMaterial.uasset" 87
"../../../Engine/Content/EditorMaterials/WidgetMaterial_Current.uasset" 88
"../../../Engine/Content/EditorMaterials/WidgetMaterial_X.uasset" 89
"../../../Engine/Content/EditorMaterials/WidgetMaterial_Y.uasset" 90
"../../../Engine/Content/EditorMaterials/WidgetMaterial_Z.uasset" 91
"../../../Engine/Content/EditorMaterials/WidgetVertexColorMaterial.uasset" 92
"../../../Engine/Content/EditorMaterials/AssetViewer/EpicQuadPanorama_CC+EV1.uasset" 93
"../../../Engine/Content/MapTemplates/Sky/SunsetAmbientCubemap.uasset" 94
"../../../Engine/Content/EditorMaterials/AssetViewer/M_SkyBox.uasset" 95
"../../../Engine/Content/EditorMaterials/MatineeGroups/MAT_ColorTrack.uasset" 96
"../../../Engine/Content/EditorMaterials/MatineeGroups/MAT_Groups_Anim.uasset" 97
"../../../Engine/Content/EditorMaterials/MatineeGroups/MAT_Groups_AudioMaster.uasset" 98
"../../../Engine/Content/EditorMaterials/MatineeGroups/MAT_Groups_Director.uasset" 99
"../../../Engine/Content/EditorMaterials/MatineeGroups/MAT_Groups_Event.uasset" 100
"../../../Engine/Content/EditorMaterials/MatineeGroups/MAT_Groups_Fade.uasset" 101
"../../../Engine/Content/EditorMaterials/MatineeGroups/MAT_Groups_Float.uasset" 102
"../../../Engine/Content/EditorMaterials/MatineeGroups/MAT_Groups_Move.uasset" 103
"../../../Engine/Content/EditorMaterials/MatineeGroups/MAT_Groups_Slomo.uasset" 104
"../../../Engine/Content/EditorMaterials/MatineeGroups/MAT_Groups_Sound.uasset" 105
"../../../Engine/Content/EditorMaterials/MatineeGroups/MAT_Groups_Vector.uasset" 106
"../../../Engine/Content/EditorMaterials/ParticleSystems/PSysThumbnail_NoImage.uasset" 107
"../../../Engine/Content/EditorMaterials/ParticleSystems/PSysThumbnail_OOD.uasset" 108
"../../../Engine/Content/EngineMaterials/Grid.uasset" 109
"../../../Engine/Content/EditorMaterials/Thumbnails/FloorPlaneMaterial.uasset" 110
"../../../Engine/Content/EditorMeshes/EditorCube.uasset" 111
"../../../Engine/Content/EditorMeshes/EditorPlane.uasset" 112
"../../../Engine/Content/EditorMaterials/Thumbnails/SkySphereMaterial.uasset" 113
"../../../Engine/Content/EditorMeshes/EditorSkySphere.uasset" 114
"../../../Engine/Content/EditorMeshes/EditorSphere.uasset" 115
"../../../Engine/Content/EditorResources/MatineeCam_D.uasset" 116
"../../../Engine/Content/EditorMaterials/MatineeCam_mat.uasset" 117
"../../../Engine/Content/EditorMeshes/MatineeCam_SM.uasset" 118
"../../../Engine/Content/EditorMeshes/PlanarReflectionPlane.uasset" 119
"../../../Engine/Content/Functions/Engine_MaterialFunctions01/Shading/ConvertFromDiffSpec.uasset" 120
"../../../Engine/Content/EditorMaterials/GridMaterial.uasset" 121
"../../../Engine/Content/EditorMeshes/AssetViewer/Floor_Mesh.uasset" 122
"../../../Engine/Content/EditorMeshes/AssetViewer/Sphere_inversenormals.uasset" 123
"../../../Engine/Content/EditorMaterials/Camera/CineMat.uasset" 124
"../../../Engine/Content/EditorMaterials/Camera/MI_CineMat_CameraBody.uasset" 125
"../../../Engine/Content/EngineDebugMaterials/M_SimpleOpaque.uasset" 126
"../../../Engine/Content/EditorMaterials/Camera/MI_CineMat_CamViewFinder.uasset" 127
"../../../Engine/Content/EditorMeshes/Camera/SM_CineCam.uasset" 128
"../../../Engine/Content/EditorMaterials/Camera/MI_CineMat_Rig.uasset" 129
"../../../Engine/Content/EditorMeshes/Camera/SM_CraneRig_Arm.uasset" 130
"../../../Engine/Content/EditorMeshes/Camera/SM_CraneRig_Base.uasset" 131
"../../../Engine/Content/EditorMeshes/Camera/SM_CraneRig_Body.uasset" 132
"../../../Engine/Content/EditorMeshes/Camera/SM_CraneRig_Mount.uasset" 133
"../../../Engine/Content/EditorMeshes/Camera/SM_RailRig_Mount.uasset" 134
"../../../Engine/Content/EditorMeshes/Camera/SM_RailRig_Track.uasset" 135
"../../../Engine/Content/EditorMeshes/ColorCalibrator/M_ChromeBall.uasset" 136
"../../../Engine/Content/EditorResources/Bad.uasset" 137
"../../../Engine/Content/EditorResources/BSPVertex.uasset" 138
"../../../Engine/Content/EditorResources/EmptyActor.uasset" 139
"../../../Engine/Content/EditorResources/MatInstActSprite.uasset" 140
"../../../Engine/Content/EditorResources/SceneManager.uasset" 141
"../../../Engine/Content/EditorResources/SimplygonLogo.uasset" 142
"../../../Engine/Content/EditorResources/SmallFont.uasset" 143
"../../../Engine/Content/EditorResources/S_Actor.uasset" 144
"../../../Engine/Content/EditorResources/S_DecalActorIcon.uasset" 145
"../../../Engine/Content/EditorResources/S_Emitter.uasset" 146
"../../../Engine/Content/EditorResources/S_ExpoHeightFog.uasset" 147
"../../../Engine/Content/EditorResources/S_FTest.uasset" 148
"../../../Engine/Content/EditorResources/S_KBSJoint.uasset" 149
"../../../Engine/Content/EditorResources/S_KHinge.uasset" 150
"../../../Engine/Content/EditorResources/S_KPrismatic.uasset" 151
"../../../Engine/Content/EditorResources/S_LevelSequence.uasset" 152
"../../../Engine/Content/EditorResources/S_NavP.uasset" 153
"../../../Engine/Content/EditorResources/S_Note.uasset" 154
"../../../Engine/Content/EditorResources/S_Player.uasset" 155
"../../../Engine/Content/EditorResources/S_PortalActorIcon2.uasset" 156
"../../../Engine/Content/EditorResources/S_RadForce.uasset" 157
"../../../Engine/Content/EditorResources/S_ReflActorIcon.uasset" 158
"../../../Engine/Content/EditorResources/S_Terrain.uasset" 159
"../../../Engine/Content/EditorResources/S_TextRenderActorIcon.uasset" 160
"../../../Engine/Content/EditorResources/S_Thruster.uasset" 161
"../../../Engine/Content/EditorResources/S_Trigger.uasset" 162
"../../../Engine/Content/EditorResources/S_VectorFieldVol.uasset" 163
"../../../Engine/Content/EditorResources/S_WindDirectional.uasset" 164
"../../../Engine/Content/EditorResources/AI/S_NavLink.uasset" 165
"../../../Engine/Content/EditorResources/AudioIcons/S_AudioComponent.uasset" 166
"../../../Engine/Content/EditorResources/AudioIcons/S_AudioComponent_AutoActivate.uasset" 167
"../../../Engine/Content/EditorResources/LightIcons/SkyLight.uasset" 168
"../../../Engine/Content/EditorResources/LightIcons/S_LightDirectional.uasset" 169
"../../../Engine/Content/EditorResources/LightIcons/S_LightDirectionalMove.uasset" 170
"../../../Engine/Content/EditorResources/LightIcons/S_LightError.uasset" 171
"../../../Engine/Content/EditorResources/LightIcons/S_LightPoint.uasset" 172
"../../../Engine/Content/EditorResources/LightIcons/S_LightPointMove.uasset" 173
"../../../Engine/Content/EditorResources/LightIcons/S_LightSpot.uasset" 174
"../../../Engine/Content/EditorResources/LightIcons/S_LightSpotMove.uasset" 175
"../../../Engine/Content/EditorResources/SequenceRecorder/Countdown.uasset" 176
"../../../Engine/Content/EditorResources/SequenceRecorder/RecordingIndicator.uasset" 177
"../../../Engine/Content/EditorResources/Spline/T_Loft_Spline.uasset" 178
"../../../Engine/Content/EditorSounds/Notifications/CompileFailed.uasset" 179
"../../../Engine/Content/EditorSounds/Notifications/CompileFailed_Cue.uasset" 180
"../../../Engine/Content/EditorSounds/Notifications/CompileSuccess.uasset" 181
"../../../Engine/Content/EditorSounds/Notifications/CompileStart_Cue.uasset" 182
"../../../Engine/Content/EditorSounds/Notifications/CompileSuccess_Cue.uasset" 183
"../../../Engine/Content/EngineDamageTypes/DmgTypeBP_Environmental.uasset" 184
"../../../Engine/Content/EngineDebugMaterials/HeatmapGradient.uasset" 185
"../../../Engine/Content/EngineDebugMaterials/BoneWeightMaterial.uasset" 186
"../../../Engine/Content/EngineDebugMaterials/ClothMaterial.uasset" 187
"../../../Engine/Content/EngineDebugMaterials/ClothMaterial_WF.uasset" 188
"../../../Engine/Content/EngineDebugMaterials/DebugEditorMaterial.uasset" 189
"../../../Engine/Content/EngineDebugMaterials/DebugMeshMaterial.uasset" 190
"../../../Engine/Content/EngineDebugMaterials/GeomMaterial.uasset" 191
"../../../Engine/Content/EngineDebugMaterials/LevelColorationLitMaterial.uasset" 192
"../../../Engine/Content/EngineDebugMaterials/LevelColorationUnlitMaterial.uasset" 193
"../../../Engine/Content/EngineMaterials/DefaultWhiteGrid.uasset" 194
"../../../Engine/Content/EngineDebugMaterials/MAT_LevelColorationLitLightmapUV.uasset" 195
"../../../Engine/Content/EngineDebugMaterials/M_SimpleTranslucent.uasset" 196
"../../../Engine/Content/Functions/Engine_MaterialFunctions02/Utility/CameraDirectionVector.uasset" 197
"../../../Engine/Content/EngineDebugMaterials/VolumeToRender.uasset" 198
"../../../Engine/Content/EngineDebugMaterials/M_VolumeRenderSphereTracePP.uasset" 199
"../../../Engine/Content/EngineDebugMaterials/ShadedLevelColorationLitMaterial.uasset" 200
"../../../Engine/Content/EngineDebugMaterials/ShadedLevelColorationUnlitMateri.uasset" 201
"../../../Engine/Content/EngineDebugMaterials/VertexColorMaterial.uasset" 202
"../../../Engine/Content/EngineDebugMaterials/VertexColorViewMode_AlphaAsColor.uasset" 203
"../../../Engine/Content/EngineDebugMaterials/VertexColorViewMode_BlueOnly.uasset" 204
"../../../Engine/Content/EngineDebugMaterials/VertexColorViewMode_ColorOnly.uasset" 205
"../../../Engine/Content/EngineDebugMaterials/VertexColorViewMode_GreenOnly.uasset" 206
"../../../Engine/Content/EngineDebugMaterials/VertexColorViewMode_RedOnly.uasset" 207
"../../../Engine/Content/EngineDebugMaterials/WireframeMaterial.uasset" 208
"../../../Engine/Content/EngineFonts/Faces/RobotoBold.uasset" 209
"../../../Engine/Content/EngineFonts/Faces/RobotoBoldItalic.uasset" 210
"../../../Engine/Content/EngineFonts/Faces/RobotoItalic.uasset" 211
"../../../Engine/Content/EngineFonts/Faces/RobotoLight.uasset" 212
"../../../Engine/Content/EngineFonts/Faces/RobotoRegular.uasset" 213
"../../../Engine/Content/EngineFonts/Roboto.uasset" 214
"../../../Engine/Content/EngineFonts/Faces/RobotoTiny.uasset" 215
"../../../Engine/Content/EngineFonts/RobotoTiny.uasset" 216
"../../../Engine/Content/EngineFonts/SmallFont.uasset" 217
"../../../Engine/Content/EngineFonts/TinyFont.uasset" 218
"../../../Engine/Content/EngineFonts/RobotoDistanceField.uasset" 219
"../../../Engine/Content/EngineMaterials/AntiAliasedTextMaterialTranslucent.uasset" 220
"../../../Engine/Content/EngineMaterials/BaseFlattenDiffuseMap.uasset" 221
"../../../Engine/Content/EngineMaterials/BaseFlattenEmissiveMap.uasset" 222
"../../../Engine/Content/EngineMaterials/BaseFlattenGrayscaleMap.uasset" 223
"../../../Engine/Content/EngineMaterials/BaseFlattenNormalMap.uasset" 224
"../../../Engine/Content/EngineMaterials/BaseFlattenMaterial.uasset" 225
"../../../Engine/Content/EngineResources/WhiteSquareTexture.uasset" 226
"../../../Engine/Content/EngineMaterials/BlinkingCaret.uasset" 227
"../../../Engine/Content/EngineMaterials/BlueNoise.uasset" 228
"../../../Engine/Content/EngineMaterials/DefaultBloomKernel.uasset" 229
"../../../Engine/Content/EngineMaterials/DefaultBokeh.uasset" 230
"../../../Engine/Content/EngineMaterials/DefaultDiffuse.uasset" 231
"../../../Engine/Content/EngineMaterials/DefaultDeferredDecalMaterial.uasset" 232
"../../../Engine/Content/EngineMaterials/DefaultLightFunctionMaterial.uasset" 233
"../../../Engine/Content/EngineMaterials/DefaultNormal.uasset" 234
"../../../Engine/Content/EngineMaterials/DefaultPostProcessMaterial.uasset" 235
"../../../Engine/Content/EngineMaterials/DefaultTextMaterialOpaque.uasset" 236
"../../../Engine/Content/EngineMaterials/DefaultVirtualTextureMaterial.uasset" 237
"../../../Engine/Content/EngineMaterials/EditorBrushMaterial.uasset" 238
"../../../Engine/Content/EngineMaterials/DefaultWhiteGrid_Low.uasset" 239
"../../../Engine/Content/EngineMaterials/EmissiveMeshMaterial.uasset" 240
"../../../Engine/Content/EngineMaterials/Good64x64TilingNoiseHighFreq.uasset" 241
"../../../Engine/Content/EngineMaterials/Grid_N.uasset" 242
"../../../Engine/Content/EngineMaterials/HighResolutionScreenshotMaskFunction.uasset" 243
"../../../Engine/Content/EngineMaterials/HighResScreenshot.uasset" 244
"../../../Engine/Content/EngineMaterials/HighResScreenshotCaptureRegion.uasset" 245
"../../../Engine/Content/EngineMaterials/HighResScreenshotMask.uasset" 246
"../../../Engine/Content/EngineMaterials/LandscapeHolePhysicalMaterial.uasset" 247
"../../../Engine/Content/EngineMaterials/InvalidLightmapSettings.uasset" 248
"../../../Engine/Content/EngineMaterials/M_InvalidLightmapSettings.uasset" 249
"../../../Engine/Content/EngineMaterials/PaperDiffuse.uasset" 250
"../../../Engine/Content/EngineMaterials/PaperNormal.uasset" 251
"../../../Engine/Content/Functions/Engine_MaterialFunctions02/WorldPositionOffset/CameraOffset.uasset" 252
"../../../Engine/Content/EngineMaterials/PhAT_JointLimitMaterial.uasset" 253
"../../../Engine/Content/EngineMaterials/PhysMat_Rubber.uasset" 254
"../../../Engine/Content/EngineMaterials/PreintegratedSkinBRDF.uasset" 255
"../../../Engine/Content/EngineMaterials/RemoveSurfaceMaterial.uasset" 256
"../../../Engine/Content/EngineMaterials/WeightMapPlaceholderTexture.uasset" 257
"../../../Engine/Content/EngineMaterials/Widget3DPassThrough.uasset" 258
"../../../Engine/Content/EngineMaterials/Widget3DPassThrough_Masked.uasset" 259
"../../../Engine/Content/EngineMaterials/Widget3DPassThrough_Opaque.uasset" 260
"../../../Engine/Content/EngineMaterials/Widget3DPassThrough_Masked_OneSided.uasset" 261
"../../../Engine/Content/EngineMaterials/Widget3DPassThrough_Opaque_OneSided.uasset" 262
"../../../Engine/Content/EngineMaterials/Widget3DPassThrough_Translucent.uasset" 263
"../../../Engine/Content/EngineMaterials/Widget3DPassThrough_Translucent_OneSided.uasset" 264
"../../../Engine/Content/EngineMeshes/Cube.uasset" 265
"../../../Engine/Content/EngineMeshes/Cylinder.uasset" 266
"../../../Engine/Content/EngineMeshes/Sphere.uasset" 267
"../../../Engine/Content/EngineResources/Black.uasset" 268
"../../../Engine/Content/EngineResources/DefaultTexture.uasset" 269
"../../../Engine/Content/EngineResources/DefaultTextureCube.uasset" 270
"../../../Engine/Content/EngineResources/DefaultVolumeTexture2D.uasset" 271
"../../../Engine/Content/EngineResources/DefaultVolumeTexture.uasset" 272
"../../../Engine/Content/EngineResources/GradientTexture0.uasset" 273
"../../../Engine/Content/EngineResources/StreamingPauseIcon.uasset" 274
"../../../Engine/Content/EngineResources/M_StreamingPause.uasset" 275
"../../../Engine/Content/EngineSounds/Master.uasset" 276
"../../../Engine/Content/Functions/Engine_MaterialFunctions01/Shading/PowerToRoughness.uasset" 277
"../../../Engine/Content/Maps/Templates/Thumbnails/Default.uasset" 278
"../../../Engine/Content/Maps/Templates/Thumbnails/VR-Basic.uasset" 279
"../../../Engine/Content/MapTemplates/Sky/DaylightAmbientCubemap.uasset" 280
"../../../Engine/Content/MobileResources/T_MobileControls_texture.uasset" 281
"../../../Engine/Content/MobileResources/T_MobileMenu2.uasset" 282
"../../../Engine/Content/MobileResources/HUD/AnalogHat.uasset" 283
"../../../Engine/Content/MobileResources/HUD/VirtualJoystick_Background.uasset" 284
"../../../Engine/Content/MobileResources/HUD/VirtualJoystick_Thumb.uasset" 285
"../../../Engine/Content/MobileResources/HUD/DefaultVirtualJoysticks.uasset" 286
"../../../Engine/Content/MobileResources/HUD/LeftVirtualJoystickOnly.uasset" 287
"../../../Engine/Content/MobileResources/HUD/MobileHUDButton1_off.uasset" 288
"../../../Engine/Content/MobileResources/HUD/MobileHUDButton1_on.uasset" 289
"../../../Engine/Content/MobileResources/HUD/MobileHUDButton2_off.uasset" 290
"../../../Engine/Content/MobileResources/HUD/MobileHUDButton2_on.uasset" 291
"../../../Engine/Content/MobileResources/HUD/MobileHUDButton3.uasset" 292
"../../../Engine/Content/MobileResources/HUD/MobileHUDButtonFire.uasset" 293
"../../../Engine/Content/MobileResources/HUD/MobileHUDDirectionPad.uasset" 294
"../../../Engine/Content/MobileResources/HUD/MobileHUDDirectionPad2.uasset" 295
"../../../Engine/Content/MobileResources/HUD/MobileHUDDirectionPad3.uasset" 296
"../../../Engine/Content/MobileResources/HUD/MobileHUDDirectionStick.uasset" 297
"../../../Engine/Content/MobileResources/HUD/T_Castle_ThumbstickInner.uasset" 298
"../../../Engine/Content/MobileResources/HUD/T_Castle_ThumbstickOutter.uasset" 299
"../../../Engine/Content/Tutorial/ContentIntroCurve.uasset" 300
"../../../Engine/Content/Tutorial/Basics/LevelEditorAttract.uasset" 301
"../../../Engine/Content/Tutorial/Basics/TutorialAssets/icon_tab_Levels_40x.uasset" 302
"../../../Engine/Content/Tutorial/Basics/LevelEditorOverview.uasset" 303
"../../../Engine/Content/Tutorial/BlueprintTutorials/TutorialAssets/BlueprintInterface_64x.uasset" 304
"../../../Engine/Content/Tutorial/BlueprintTutorials/BlueprintInterfacesEditorOverview.uasset" 305
"../../../Engine/Content/Tutorial/BlueprintTutorials/TutorialAssets/Tutorial_BP_Interface.uasset" 306
"../../../Engine/Content/Tutorial/SubEditors/GettingSubstance.uasset" 307
"../../../Engine/Content/Tutorial/SubEditors/MaterialEditorTutorial.uasset" 308
"../../../Engine/Content/Tutorial/SubEditors/StaticMeshEditorTutorial.uasset" 309
"../../../Engine/Content/Tutorial/SubEditors/TutorialAssets/TutorialMaterial.uasset" 310
"../../../Engine/Content/VREditor/LaserPointer/VR_LaserPower_01.uasset" 311
"../../../Engine/Content/VREditor/TransformGizmo/TransformGizmoMaterial.uasset" 312
"../../../Engine/Content/VREditor/TransformGizmo/TranslucentTransformGizmoMaterial.uasset" 313
"../../../Engine/Content/VREditor/TransformGizmo/BoundingBoxCorner.uasset" 314
"../../../Engine/Content/VREditor/TransformGizmo/BoundingBoxEdge.uasset" 315
"../../../Engine/Content/VREditor/TransformGizmo/PlaneTranslationHandle.uasset" 316
"../../../Engine/Content/VREditor/TransformGizmo/Main.uasset" 317
"../../../Engine/Content/VREditor/TransformGizmo/Xray.uasset" 318
"../../../Engine/Content/VREditor/TransformGizmo/SM_Sequencer_Key.uasset" 319
"../../../Engine/Content/VREditor/TransformGizmo/SM_Sequencer_Node.uasset" 320
"../../../../../UnrealProjects/test1/Content/testmap1_BuiltData.uasset" 321
"../../../../../UnrealProjects/test1/Content/coastal/assets/materials/textures/concrete_floor/c_polished/TexturesCom_Concrete_FloorPolished_1K_albedo.uasset" 322
"../../../../../UnrealProjects/test1/Content/coastal/assets/materials/textures/concrete_floor/c_polished/TexturesCom_Concrete_FloorPolished_1K_ao.uasset" 323
"../../../../../UnrealProjects/test1/Content/coastal/assets/materials/textures/concrete_floor/c_polished/TexturesCom_Concrete_FloorPolished_1K_height.uasset" 324
"../../../../../UnrealProjects/test1/Content/coastal/assets/materials/textures/concrete_floor/c_polished/TexturesCom_Concrete_FloorPolished_1K_normal.uasset" 325
"../../../../../UnrealProjects/test1/Content/coastal/assets/materials/textures/concrete_floor/c_polished/TexturesCom_Concrete_FloorPolished_1K_roughness.uasset" 326
"../../../../../UnrealProjects/test1/Content/coastal/assets/materials/concentrate/concreteFloorPolished.uasset" 327
"../../../../../UnrealProjects/test1/Content/coastal/assets/materials/textures/ground_forest/roots/smspdebp_2K_Albedo.uasset" 328
"../../../../../UnrealProjects/test1/Content/coastal/assets/materials/textures/ground_forest/roots/smspdebp_2K_AO.uasset" 329
"../../../../../UnrealProjects/test1/Content/coastal/assets/materials/textures/ground_forest/roots/smspdebp_2K_Displacement.uasset" 330
"../../../../../UnrealProjects/test1/Content/coastal/assets/materials/textures/ground_forest/roots/smspdebp_2K_Normal.uasset" 331
"../../../../../UnrealProjects/test1/Content/coastal/assets/materials/textures/ground_forest/roots/smspdebp_2K_Roughness.uasset" 332
"../../../../../UnrealProjects/test1/Content/coastal/assets/materials/ground/forest/forest_dirty.uasset" 333
"../../../../../UnrealProjects/test1/Content/coastal/assets/materials/HDR/emissive_HDR1.uasset" 334
"../../../../../UnrealProjects/test1/Content/coastal/assets/materials/HDR/emissive_HDR1_Inst2.uasset" 335
"../../../../../UnrealProjects/test1/Content/coastal/assets/materials/HDR/emissive_HDR1_Inst4.uasset" 336
"../../../../../UnrealProjects/test1/Content/coastal/assets/materials/textures/wall_bricks/bricks1/sexkaitb_2K_Albedo.uasset" 337
"../../../../../UnrealProjects/test1/Content/coastal/assets/materials/textures/wall_bricks/bricks1/sexkaitb_2K_Displacement.uasset" 338
"../../../../../UnrealProjects/test1/Content/coastal/assets/materials/textures/wall_bricks/bricks1/sexkaitb_2K_Normal.uasset" 339
"../../../../../UnrealProjects/test1/Content/coastal/assets/materials/textures/wall_bricks/bricks1/sexkaitb_2K_Roughness.uasset" 340
"../../../../../UnrealProjects/test1/Content/coastal/assets/materials/walls/bricks/brickWall2K_1.uasset" 341
"../../../../../UnrealProjects/test1/Content/coastal/assets/materials/textures/wall_concrete/c_ceiling/TexturesCom_Concrete_Ceiling_1K_albedo.uasset" 342
"../../../../../UnrealProjects/test1/Content/coastal/assets/materials/textures/wall_concrete/c_ceiling/TexturesCom_Concrete_Ceiling_1K_ao.uasset" 343
"../../../../../UnrealProjects/test1/Content/coastal/assets/materials/textures/wall_concrete/c_ceiling/TexturesCom_Concrete_Ceiling_1K_height.uasset" 344
"../../../../../UnrealProjects/test1/Content/coastal/assets/materials/textures/wall_concrete/c_ceiling/TexturesCom_Concrete_Ceiling_1K_normal.uasset" 345
"../../../../../UnrealProjects/test1/Content/coastal/assets/materials/textures/wall_concrete/c_ceiling/TexturesCom_Concrete_Ceiling_1K_roughness.uasset" 346
"../../../../../UnrealProjects/test1/Content/coastal/assets/materials/walls/concrete/concreteCeiling.uasset" 347
"../../../Engine/Content/Functions/Engine_MaterialFunctions01/WorldPositionOffset/SimpleGrassWind.uasset" 348
"../../../../../UnrealProjects/test1/Content/Environment_Set/Environment/Foliage/Textures/T_grass_atlas_01_BC_M.uasset" 349
"../../../../../UnrealProjects/test1/Content/Environment_Set/Environment/Foliage/Textures/T_grass_atlas_01_MT_R_AO.uasset" 350
"../../../../../UnrealProjects/test1/Content/Environment_Set/Environment/Foliage/Textures/T_grass_atlas_01_N.uasset" 351
"../../../../../UnrealProjects/test1/Content/Environment_Set/Environment/Foliage/Textures/T_Hue.uasset" 352
"../../../../../UnrealProjects/test1/Content/Environment_Set/Environment/Foliage/Materials/M_Grass_Material.uasset" 353
"../../../../../UnrealProjects/test1/Content/Environment_Set/Environment/Foliage/Textures/T_fern_01_BC_M.uasset" 354
"../../../../../UnrealProjects/test1/Content/Environment_Set/Environment/Foliage/Textures/T_fern_01_MT_R_AO.uasset" 355
"../../../../../UnrealProjects/test1/Content/Environment_Set/Environment/Foliage/Textures/T_fern_01_N.uasset" 356
"../../../../../UnrealProjects/test1/Content/Environment_Set/Environment/Foliage/Materials/MI_Fern_Material.uasset" 357
"../../../../../UnrealProjects/test1/Content/Environment_Set/Environment/Foliage/Models/SM_fern_01_0.uasset" 358
"../../../../../UnrealProjects/test1/Content/Environment_Set/Environment/Foliage/Models/SM_fern_01_1.uasset" 359
"../../../../../UnrealProjects/test1/Content/Environment_Set/Environment/Foliage/Materials/MI_Grass_Material.uasset" 360
"../../../../../UnrealProjects/test1/Content/Environment_Set/Environment/Foliage/Models/SM_grass_bush_01.uasset" 361
"../../../../../UnrealProjects/test1/Content/Environment_Set/Environment/Foliage/Textures/T_ground_foliage_03_BC_M.uasset" 362
"../../../../../UnrealProjects/test1/Content/Environment_Set/Environment/Foliage/Textures/T_ground_foliage_03_MT_R_AO.uasset" 363
"../../../../../UnrealProjects/test1/Content/Environment_Set/Environment/Foliage/Textures/T_ground_foliage_03_N.uasset" 364
"../../../../../UnrealProjects/test1/Content/Environment_Set/Environment/Foliage/Materials/MI_Foliage_3_Material.uasset" 365
"../../../../../UnrealProjects/test1/Content/Environment_Set/Environment/Foliage/Models/SM_ground_foliage_03_SM_ground_foliage_03.uasset" 366
"../../../../../UnrealProjects/test1/Content/Environment_Set/Environment/Foliage/Textures/T_ground_foliage_04_BC_M.uasset" 367
"../../../../../UnrealProjects/test1/Content/Environment_Set/Environment/Foliage/Textures/T_ground_foliage_04_MT_R_AO.uasset" 368
"../../../../../UnrealProjects/test1/Content/Environment_Set/Environment/Foliage/Textures/T_ground_foliage_04_N.uasset" 369
"../../../../../UnrealProjects/test1/Content/Environment_Set/Environment/Foliage/Materials/MI_Foliage_4_Material.uasset" 370
"../../../../../UnrealProjects/test1/Content/Environment_Set/Environment/Foliage/Models/SM_ground_foliage_04_0_SM_ground_foliage_04_0.uasset" 371
"../../../../../UnrealProjects/test1/Content/Environment_Set/Environment/Foliage/Models/SM_ground_foliage_04_1_SM_ground_foliage_04_1.uasset" 372
"../../../Engine/Content/Functions/Engine_MaterialFunctions01/Texturing/DetailTexturing.uasset" 373
"../../../Engine/Content/Functions/Engine_MaterialFunctions02/Utility/AppendMany.uasset" 374
"../../../../../UnrealProjects/test1/Content/Environment_Set/Environment/Rocks/Textures/T_atlas_mid_rocks_BC.uasset" 375
"../../../../../UnrealProjects/test1/Content/Environment_Set/Environment/Rocks/Textures/T_atlas_mid_rocks_MT_R_AO.uasset" 376
"../../../../../UnrealProjects/test1/Content/Environment_Set/Environment/Rocks/Textures/T_atlas_mid_rocks_N.uasset" 377
"../../../../../UnrealProjects/test1/Content/Environment_Set/Environment/Rocks/Textures/T_uvfree_rock_07_BC_H.uasset" 378
"../../../../../UnrealProjects/test1/Content/Environment_Set/Environment/Rocks/Textures/T_uvfree_rock_07_N.uasset" 379
"../../../../../UnrealProjects/test1/Content/Environment_Set/Environment/Rocks/Materials/M_Rocks.uasset" 380
"../../../../../UnrealProjects/test1/Content/Environment_Set/Environment/Rocks/Textures/T_atlas_small_rocks_BC.uasset" 381
"../../../../../UnrealProjects/test1/Content/Environment_Set/Environment/Rocks/Textures/T_atlas_small_rocks_MT_R_AO.uasset" 382
"../../../../../UnrealProjects/test1/Content/Environment_Set/Environment/Rocks/Textures/T_atlas_small_rocks_N.uasset" 383
"../../../../../UnrealProjects/test1/Content/Environment_Set/Environment/Rocks/Materials/MI_Rocks_Small.uasset" 384
"../../../../../UnrealProjects/test1/Content/Environment_Set/Environment/Rocks/Models/SM_Small_Rock_01.uasset" 385
"../../../../../UnrealProjects/test1/Content/ModularBuildingSet/Textures/beam_window_supports_metal_c.uasset" 386
"../../../../../UnrealProjects/test1/Content/ModularBuildingSet/Textures/beam_window_supports_metal_g.uasset" 387
"../../../../../UnrealProjects/test1/Content/ModularBuildingSet/Textures/beam_window_supports_metal_n.uasset" 388
"../../../../../UnrealProjects/test1/Content/ModularBuildingSet/materials/Metal/metal_trim___default.uasset" 389
"../../../../../UnrealProjects/test1/Content/ModularBuildingSet/Meshes/Roof_Trims/beam_roof_trim_4x1_a.uasset" 390
"../../../../../UnrealProjects/test1/Content/ModularBuildingSet/Meshes/Roof_Trims/beam_roof_trim_corner_4x4_a.uasset" 391
"../../../Engine/Content/Functions/Engine_MaterialFunctions01/Gradient/LinearGradient.uasset" 392
"../../../Engine/Content/Functions/Engine_MaterialFunctions01/ImageAdjustment/CheapContrast.uasset" 393
"../../../Engine/Content/Functions/Engine_MaterialFunctions01/Texturing/FlattenNormal.uasset" 394
"../../../Engine/Content/Functions/Engine_MaterialFunctions02/SafeNormalize.uasset" 395
"../../../Engine/Content/Functions/Engine_MaterialFunctions02/Math/CreateThirdOrthogonalVector.uasset" 396
"../../../Engine/Content/Functions/Engine_MaterialFunctions02/Utility/BreakOutFloat3Components.uasset" 397
"../../../Engine/Content/Functions/Engine_MaterialFunctions02/Math/Transform3x3Matrix.uasset" 398
"../../../Engine/Content/Functions/Engine_MaterialFunctions02/Utility/BlendAngleCorrectedNormals.uasset" 399
"../../../Engine/Content/Functions/Engine_MaterialFunctions02/ExampleContent/Textures/SphereRenderNormalsMap.uasset" 400
"../../../Engine/Content/Functions/Engine_MaterialFunctions02/WorldAlignedNormals_HighQuality.uasset" 401
"../../../../../UnrealProjects/test1/Content/SoulCity/Environment/Textures/Building_Slum/T_Slums_TilingNOise_M.uasset" 402
"../../../../../UnrealProjects/test1/Content/SoulCity/Environment/Textures/Building_Slum/T_Slums_Wall_D.uasset" 403
"../../../../../UnrealProjects/test1/Content/SoulCity/Environment/Textures/Rock/T_Soul_Concrete_Generic01_D.uasset" 404
"../../../../../UnrealProjects/test1/Content/SoulCity/Environment/Textures/Rock/T_Soul_Concrete_Generic01_N.uasset" 405
"../../../../../UnrealProjects/test1/Content/SoulCity/Environment/Materials/Functions/MF_Generic_Concrete01.uasset" 406
"../../../../../UnrealProjects/test1/Content/SoulCity/Environment/Textures/Water/T_Environment_Materials_Wet_TilingFlow02_N.uasset" 407
"../../../../../UnrealProjects/test1/Content/SoulCity/Environment/Materials/Functions/MF_GroundWetness.uasset" 408
"../../../../../UnrealProjects/test1/Content/SoulCity/Environment/Materials/Functions/MF_Switch.uasset" 409
"../../../Engine/Content/EngineMaterials/DefaultNormal_Uncompressed.uasset" 410
"../../../../../UnrealProjects/test1/Content/SoulCity/Environment/Materials/Functions/MF_WorldAlignedPanner.uasset" 411
"../../../Engine/Content/Functions/Engine_MaterialFunctions02/ExampleContent/Textures/water_d.uasset" 412
"../../../../../UnrealProjects/test1/Content/SoulCity/Environment/Textures/Water/T_RainPuddleMask.uasset" 413
"../../../../../UnrealProjects/test1/Content/SoulCity/Environment/Textures/Water/T_RainStreaming_N.uasset" 414
"../../../../../UnrealProjects/test1/Content/SoulCity/Environment/Textures/Water/T_Soul_Water01_N.uasset" 415
"../../../../../UnrealProjects/test1/Content/SoulCity/Environment/Materials/Functions/MF_WET_RunningWater.uasset" 416
"../../../../../UnrealProjects/test1/Content/SoulCity/Environment/PhysicalMaterials/Stone.uasset" 417
"../../../../../UnrealProjects/test1/Content/SoulCity/Environment/Materials/Rocks/M_Generic_Concrete01_MASTER.uasset" 418
"../../../../../UnrealProjects/test1/Content/SoulCity/Environment/Textures/Foliage/T_LV_Forest_Foliage02_D.uasset" 419
"../../../../../UnrealProjects/test1/Content/SoulCity/Environment/Textures/Foliage/T_LV_Forest_Foliage02_N.uasset" 420
"../../../../../UnrealProjects/test1/Content/SoulCity/Environment/Materials/Foliage/M_LV_Soul_Grass04M.uasset" 421
"../../../../../UnrealProjects/test1/Content/SoulCity/Environment/Meshes/Foliage/SM_LV_Soul_Foliage021SM.uasset" 422
"../../../../../UnrealProjects/test1/Content/StarterContent/Materials/M_Basic_Floor.uasset" 423
"../../../../../UnrealProjects/test1/Content/StarterContent/Architecture/Floor_400x400.uasset" 424
"../../../../../UnrealProjects/test1/Content/StarterContent/Materials/M_Basic_Wall.uasset" 425
"../../../../../UnrealProjects/test1/Content/StarterContent/Architecture/Wall_400x200.uasset" 426
"../../../../../UnrealProjects/test1/Content/StarterContent/Architecture/Wall_Door_400x300.uasset" 427
"../../../../../UnrealProjects/test1/Content/StarterContent/Architecture/Wall_Window_400x300.uasset" 428
"../../../../../UnrealProjects/test1/Content/StarterContent/Audio/Collapse01.uasset" 429
"../../../../../UnrealProjects/test1/Content/StarterContent/Audio/Collapse02.uasset" 430
"../../../../../UnrealProjects/test1/Content/StarterContent/Audio/Collapse_Cue.uasset" 431
"../../../../../UnrealProjects/test1/Content/StarterContent/Audio/Fire01.uasset" 432
"../../../../../UnrealProjects/test1/Content/StarterContent/Audio/Fire_Sparks01.uasset" 433
"../../../../../UnrealProjects/test1/Content/StarterContent/Audio/Smoke01.uasset" 434
"../../../../../UnrealProjects/test1/Content/StarterContent/Audio/Starter_Background_Cue.uasset" 435
"../../../../../UnrealProjects/test1/Content/StarterContent/Audio/Starter_Birds01.uasset" 436
"../../../../../UnrealProjects/test1/Content/StarterContent/Audio/Starter_Music01.uasset" 437
"../../../../../UnrealProjects/test1/Content/StarterContent/Audio/Starter_Music_Cue.uasset" 438
"../../../../../UnrealProjects/test1/Content/StarterContent/Audio/Starter_Wind05.uasset" 439
"../../../../../UnrealProjects/test1/Content/StarterContent/Audio/Starter_Wind06.uasset" 440
"../../../../../UnrealProjects/test1/Content/StarterContent/Audio/Steam01.uasset" 441
"../../../../../UnrealProjects/test1/Content/StarterContent/Textures/T_Lamp_M.uasset" 442
"../../../../../UnrealProjects/test1/Content/StarterContent/Textures/T_Lamp_N.uasset" 443
"../../../../../UnrealProjects/test1/Content/StarterContent/Props/Materials/M_Lamp.uasset" 444
"../../../../../UnrealProjects/test1/Content/StarterContent/Props/SM_Lamp_Ceiling.uasset" 445
"../../../../../UnrealProjects/test1/Content/StarterContent/Blueprints/Blueprint_CeilingLight.uasset" 446
"../../../../../UnrealProjects/test1/Content/StarterContent/Audio/Fire01_Cue.uasset" 447
"../../../../../UnrealProjects/test1/Content/StarterContent/Textures/T_Fire_SubUV.uasset" 448
"../../../../../UnrealProjects/test1/Content/StarterContent/Textures/T_Fire_Tiled_D.uasset" 449
"../../../../../UnrealProjects/test1/Content/StarterContent/Particles/Materials/M_Fire_SubUV.uasset" 450
"../../../../../UnrealProjects/test1/Content/StarterContent/Textures/T_Water_N.uasset" 451
"../../../../../UnrealProjects/test1/Content/StarterContent/Particles/Materials/M_Heat_Distortion.uasset" 452
"../../../Engine/Content/Functions/Engine_MaterialFunctions01/Gradient/RadialGradient.uasset" 453
"../../../../../UnrealProjects/test1/Content/StarterContent/Particles/Materials/M_Radial_Gradient.uasset" 454
"../../../../../UnrealProjects/test1/Content/StarterContent/Textures/T_Smoke_SubUV.uasset" 455
"../../../../../UnrealProjects/test1/Content/StarterContent/Textures/T_Smoke_Tiled_D.uasset" 456
"../../../../../UnrealProjects/test1/Content/StarterContent/Particles/Materials/M_smoke_subUV.uasset" 457
"../../../../../UnrealProjects/test1/Content/StarterContent/Particles/P_Fire.uasset" 458
"../../../../../UnrealProjects/test1/Content/StarterContent/Blueprints/Blueprint_Effect_Fire.uasset" 459
"../../../../../UnrealProjects/test1/Content/StarterContent/Audio/Smoke01_Cue.uasset" 460
"../../../../../UnrealProjects/test1/Content/StarterContent/Particles/P_Smoke.uasset" 461
"../../../../../UnrealProjects/test1/Content/StarterContent/Blueprints/Blueprint_Effect_Smoke.uasset" 462
"../../../../../UnrealProjects/test1/Content/StarterContent/Audio/Fire_Sparks01_Cue.uasset" 463
"../../../../../UnrealProjects/test1/Content/StarterContent/Textures/T_Spark_Core.uasset" 464
"../../../../../UnrealProjects/test1/Content/StarterContent/Particles/Materials/M_Spark.uasset" 465
"../../../../../UnrealProjects/test1/Content/StarterContent/Particles/P_Sparks.uasset" 466
"../../../../../UnrealProjects/test1/Content/StarterContent/Blueprints/Blueprint_Effect_Sparks.uasset" 467
"../../../../../UnrealProjects/test1/Content/StarterContent/Audio/Steam01_Cue.uasset" 468
"../../../../../UnrealProjects/test1/Content/StarterContent/Particles/P_Steam_Lit.uasset" 469
"../../../../../UnrealProjects/test1/Content/StarterContent/Blueprints/Blueprint_Effect_Steam.uasset" 470
"../../../../../UnrealProjects/test1/Content/StarterContent/Props/SM_Lamp_Wall.uasset" 471
"../../../../../UnrealProjects/test1/Content/StarterContent/Blueprints/Blueprint_WallSconce.uasset" 472
"../../../../../UnrealProjects/test1/Content/StarterContent/Textures/T_Brick_Clay_Beveled_D.uasset" 473
"../../../../../UnrealProjects/test1/Content/StarterContent/Textures/T_Brick_Clay_Beveled_M.uasset" 474
"../../../../../UnrealProjects/test1/Content/StarterContent/Textures/T_Brick_Clay_Beveled_N.uasset" 475
"../../../../../UnrealProjects/test1/Content/StarterContent/Textures/T_MacroVariation.uasset" 476
"../../../../../UnrealProjects/test1/Content/StarterContent/Materials/M_Brick_Clay_Beveled.uasset" 477
"../../../../../UnrealProjects/test1/Content/StarterContent/Textures/T_Brick_Clay_New_D.uasset" 478
"../../../../../UnrealProjects/test1/Content/StarterContent/Textures/T_Brick_Clay_New_M.uasset" 479
"../../../../../UnrealProjects/test1/Content/StarterContent/Textures/T_Brick_Clay_New_N.uasset" 480
"../../../../../UnrealProjects/test1/Content/StarterContent/Textures/T_Detail_Rocky_N.uasset" 481
"../../../../../UnrealProjects/test1/Content/StarterContent/Materials/M_Brick_Clay_New.uasset" 482
"../../../../../UnrealProjects/test1/Content/StarterContent/Textures/T_Brick_Clay_Old_D.uasset" 483
"../../../../../UnrealProjects/test1/Content/StarterContent/Textures/T_Brick_Clay_Old_N.uasset" 484
"../../../../../UnrealProjects/test1/Content/StarterContent/Textures/T_Perlin_Noise_M.uasset" 485
"../../../../../UnrealProjects/test1/Content/StarterContent/Materials/M_Brick_Clay_Old.uasset" 486
"../../../../../UnrealProjects/test1/Content/StarterContent/Textures/T_Brick_Cut_Stone_D.uasset" 487
"../../../../../UnrealProjects/test1/Content/StarterContent/Textures/T_Brick_Cut_Stone_N.uasset" 488
"../../../../../UnrealProjects/test1/Content/StarterContent/Materials/M_Brick_Cut_Stone.uasset" 489
"../../../../../UnrealProjects/test1/Content/StarterContent/Textures/T_Brick_Hewn_Stone_D.uasset" 490
"../../../../../UnrealProjects/test1/Content/StarterContent/Textures/T_Brick_Hewn_Stone_M.uasset" 491
"../../../../../UnrealProjects/test1/Content/StarterContent/Textures/T_Brick_Hewn_Stone_N.uasset" 492
"../../../../../UnrealProjects/test1/Content/StarterContent/Materials/M_Brick_Hewn_Stone.uasset" 493
"../../../../../UnrealProjects/test1/Content/StarterContent/Textures/T_Ceramic_Tile_M.uasset" 494
"../../../../../UnrealProjects/test1/Content/StarterContent/Textures/T_Ceramic_Tile_N.uasset" 495
"../../../../../UnrealProjects/test1/Content/StarterContent/Textures/T_Rock_Marble_Polished_D.uasset" 496
"../../../../../UnrealProjects/test1/Content/StarterContent/Materials/M_Ceramic_Tile_Checker.uasset" 497
"../../../../../UnrealProjects/test1/Content/StarterContent/Textures/T_CobbleStone_Pebble_D.uasset" 498
"../../../../../UnrealProjects/test1/Content/StarterContent/Textures/T_CobbleStone_Pebble_M.uasset" 499
"../../../../../UnrealProjects/test1/Content/StarterContent/Textures/T_CobbleStone_Pebble_N.uasset" 500
"../../../../../UnrealProjects/test1/Content/StarterContent/Materials/M_CobbleStone_Pebble.uasset" 501
"../../../../../UnrealProjects/test1/Content/StarterContent/Textures/T_CobbleStone_Rough_D.uasset" 502
"../../../../../UnrealProjects/test1/Content/StarterContent/Textures/T_CobbleStone_Rough_N.uasset" 503
"../../../../../UnrealProjects/test1/Content/StarterContent/Textures/T_Gradinet_01.uasset" 504
"../../../../../UnrealProjects/test1/Content/StarterContent/Textures/T_Rock_Smooth_Granite_D.uasset" 505
"../../../../../UnrealProjects/test1/Content/StarterContent/Materials/M_CobbleStone_Rough.uasset" 506
"../../../../../UnrealProjects/test1/Content/StarterContent/Textures/T_CobbleStone_Smooth_D.uasset" 507
"../../../../../UnrealProjects/test1/Content/StarterContent/Textures/T_CobbleStone_Smooth_M.uasset" 508
"../../../../../UnrealProjects/test1/Content/StarterContent/Textures/T_CobbleStone_Smooth_N.uasset" 509
"../../../../../UnrealProjects/test1/Content/StarterContent/Materials/M_CobbleStone_Smooth.uasset" 510
"../../../../../UnrealProjects/test1/Content/StarterContent/Textures/T_Concrete_Grime_D.uasset" 511
"../../../../../UnrealProjects/test1/Content/StarterContent/Textures/T_Metal_Rust_N.uasset" 512
"../../../../../UnrealProjects/test1/Content/StarterContent/Materials/M_Concrete_Grime.uasset" 513
"../../../../../UnrealProjects/test1/Content/StarterContent/Textures/T_Concrete_Panels_D.uasset" 514
"../../../../../UnrealProjects/test1/Content/StarterContent/Textures/T_Concrete_Panels_N.uasset" 515
"../../../../../UnrealProjects/test1/Content/StarterContent/Materials/M_Concrete_Panels.uasset" 516
"../../../../../UnrealProjects/test1/Content/StarterContent/Textures/T_Concrete_Poured_D.uasset" 517
"../../../../../UnrealProjects/test1/Content/StarterContent/Textures/T_Concrete_Poured_N.uasset" 518
"../../../../../UnrealProjects/test1/Content/StarterContent/Materials/M_Concrete_Poured.uasset" 519
"../../../../../UnrealProjects/test1/Content/StarterContent/Textures/T_Concrete_Tiles_D.uasset" 520
"../../../../../UnrealProjects/test1/Content/StarterContent/Textures/T_Concrete_Tiles_M.uasset" 521
"../../../../../UnrealProjects/test1/Content/StarterContent/Textures/T_Concrete_Tiles_N.uasset" 522
"../../../../../UnrealProjects/test1/Content/StarterContent/Textures/T_Concrete_Tiles_Variation_M.uasset" 523
"../../../../../UnrealProjects/test1/Content/StarterContent/Materials/M_Concrete_Tiles.uasset" 524
"../../../../../UnrealProjects/test1/Content/StarterContent/Textures/T_Ground_Grass_D.uasset" 525
"../../../../../UnrealProjects/test1/Content/StarterContent/Textures/T_Ground_Grass_N.uasset" 526
"../../../../../UnrealProjects/test1/Content/StarterContent/Materials/M_Ground_Grass.uasset" 527
"../../../../../UnrealProjects/test1/Content/StarterContent/Textures/T_Ground_Gravel_D.uasset" 528
"../../../../../UnrealProjects/test1/Content/StarterContent/Textures/T_Ground_Gravel_N.uasset" 529
"../../../../../UnrealProjects/test1/Content/StarterContent/Materials/M_Ground_Gravel.uasset" 530
"../../../../../UnrealProjects/test1/Content/StarterContent/Textures/T_ground_Moss_D.uasset" 531
"../../../../../UnrealProjects/test1/Content/StarterContent/Textures/T_Ground_Moss_N.uasset" 532
"../../../../../UnrealProjects/test1/Content/StarterContent/Materials/M_Ground_Moss.uasset" 533
"../../../../../UnrealProjects/test1/Content/StarterContent/Materials/M_Metal_Brushed_Nickel.uasset" 534
"../../../../../UnrealProjects/test1/Content/StarterContent/Textures/T_Metal_Aluminum_D.uasset" 535
"../../../../../UnrealProjects/test1/Content/StarterContent/Textures/T_Metal_Gold_N.uasset" 536
"../../../../../UnrealProjects/test1/Content/StarterContent/Materials/M_Metal_Burnished_Steel.uasset" 537
"../../../../../UnrealProjects/test1/Content/StarterContent/Materials/M_Metal_Chrome.uasset" 538
"../../../../../UnrealProjects/test1/Content/StarterContent/Textures/T_Metal_Copper_D.uasset" 539
"../../../../../UnrealProjects/test1/Content/StarterContent/Materials/M_Metal_Copper.uasset" 540
"../../../../../UnrealProjects/test1/Content/StarterContent/Textures/T_Metal_Gold_D.uasset" 541
"../../../../../UnrealProjects/test1/Content/StarterContent/Materials/M_Metal_Gold.uasset" 542
"../../../../../UnrealProjects/test1/Content/StarterContent/Textures/T_Metal_Rust_D.uasset" 543
"../../../../../UnrealProjects/test1/Content/StarterContent/Materials/M_Metal_Rust.uasset" 544
"../../../../../UnrealProjects/test1/Content/StarterContent/Textures/T_Metal_Steel_D.uasset" 545
"../../../../../UnrealProjects/test1/Content/StarterContent/Textures/T_Metal_Steel_N.uasset" 546
"../../../../../UnrealProjects/test1/Content/StarterContent/Materials/M_Metal_Steel.uasset" 547
"../../../../../UnrealProjects/test1/Content/StarterContent/Textures/T_Rock_Basalt_D.uasset" 548
"../../../../../UnrealProjects/test1/Content/StarterContent/Textures/T_Rock_Basalt_N.uasset" 549
"../../../../../UnrealProjects/test1/Content/StarterContent/Materials/M_Rock_Basalt.uasset" 550
"../../../../../UnrealProjects/test1/Content/StarterContent/Materials/M_Rock_Marble_Polished.uasset" 551
"../../../../../UnrealProjects/test1/Content/StarterContent/Textures/T_Rock_Sandstone_D.uasset" 552
"../../../../../UnrealProjects/test1/Content/StarterContent/Textures/T_Rock_Sandstone_N.uasset" 553
"../../../../../UnrealProjects/test1/Content/StarterContent/Materials/M_Rock_Sandstone.uasset" 554
"../../../../../UnrealProjects/test1/Content/StarterContent/Textures/T_Rock_Slate_D.uasset" 555
"../../../../../UnrealProjects/test1/Content/StarterContent/Textures/T_Rock_Slate_N.uasset" 556
"../../../../../UnrealProjects/test1/Content/StarterContent/Materials/M_Rock_Slate.uasset" 557
"../../../../../UnrealProjects/test1/Content/StarterContent/Textures/T_Checker_Noise_M.uasset" 558
"../../../../../UnrealProjects/test1/Content/StarterContent/Textures/T_Single_Tile_N.uasset" 559
"../../../../../UnrealProjects/test1/Content/StarterContent/Textures/T_Tech_Dot_M.uasset" 560
"../../../../../UnrealProjects/test1/Content/StarterContent/Textures/T_Tech_Dot_N.uasset" 561
"../../../../../UnrealProjects/test1/Content/StarterContent/Materials/M_Tech_Checker_Dot.uasset" 562
"../../../../../UnrealProjects/test1/Content/StarterContent/Textures/T_Tech_Hex_Tile_M.uasset" 563
"../../../../../UnrealProjects/test1/Content/StarterContent/Textures/T_Tech_Hex_Tile_N.uasset" 564
"../../../../../UnrealProjects/test1/Content/StarterContent/Materials/M_Tech_Hex_Tile.uasset" 565
"../../../../../UnrealProjects/test1/Content/StarterContent/Materials/M_Tech_Hex_Tile_Pulse.uasset" 566
"../../../../../UnrealProjects/test1/Content/StarterContent/Textures/T_Tech_Panel_M.uasset" 567
"../../../../../UnrealProjects/test1/Content/StarterContent/Textures/T_Tech_Panel_N.uasset" 568
"../../../../../UnrealProjects/test1/Content/StarterContent/Materials/M_Tech_Panel.uasset" 569
"../../../../../UnrealProjects/test1/Content/StarterContent/Materials/M_Water_Lake.uasset" 570
"../../../../../UnrealProjects/test1/Content/StarterContent/Textures/T_Water_M.uasset" 571
"../../../../../UnrealProjects/test1/Content/StarterContent/Materials/M_Water_Ocean.uasset" 572
"../../../../../UnrealProjects/test1/Content/StarterContent/Textures/T_Wood_Floor_Walnut_D.uasset" 573
"../../../../../UnrealProjects/test1/Content/StarterContent/Textures/T_Wood_Floor_Walnut_M.uasset" 574
"../../../../../UnrealProjects/test1/Content/StarterContent/Textures/T_Wood_Floor_Walnut_N.uasset" 575
"../../../../../UnrealProjects/test1/Content/StarterContent/Materials/M_Wood_Floor_Walnut_Polished.uasset" 576
"../../../Engine/Content/Functions/Engine_MaterialFunctions01/Opacity/AlphaOffset.uasset" 577
"../../../../../UnrealProjects/test1/Content/StarterContent/Materials/M_Wood_Floor_Walnut_Worn.uasset" 578
"../../../../../UnrealProjects/test1/Content/StarterContent/Textures/T_Wood_Oak_D.uasset" 579
"../../../../../UnrealProjects/test1/Content/StarterContent/Textures/T_Wood_Oak_N.uasset" 580
"../../../../../UnrealProjects/test1/Content/StarterContent/Materials/M_Wood_Oak.uasset" 581
"../../../../../UnrealProjects/test1/Content/StarterContent/Textures/T_Dust_Particle_D.uasset" 582
"../../../../../UnrealProjects/test1/Content/StarterContent/Particles/Materials/M_Dust_Particle.uasset" 583
"../../../../../UnrealProjects/test1/Content/StarterContent/Particles/P_Ambient_Dust.uasset" 584
"../../../../../UnrealProjects/test1/Content/StarterContent/Props/MaterialSphere.uasset" 585
"../../../../../UnrealProjects/test1/Content/StarterContent/Textures/T_Chair_M.uasset" 586
"../../../../../UnrealProjects/test1/Content/StarterContent/Textures/T_Chair_N.uasset" 587
"../../../../../UnrealProjects/test1/Content/StarterContent/Props/Materials/M_Chair.uasset" 588
"../../../../../UnrealProjects/test1/Content/StarterContent/Props/SM_Chair.uasset" 589
"../../../../../UnrealProjects/test1/Content/StarterContent/Textures/T_Frame_M.uasset" 590
"../../../../../UnrealProjects/test1/Content/StarterContent/Textures/T_Frame_N.uasset" 591
"../../../../../UnrealProjects/test1/Content/StarterContent/Props/Materials/M_Frame.uasset" 592
"../../../../../UnrealProjects/test1/Content/StarterContent/Props/SM_CornerFrame.uasset" 593
"../../../../../UnrealProjects/test1/Content/StarterContent/Props/SM_DoorFrame.uasset" 594
"../../../../../UnrealProjects/test1/Content/StarterContent/Materials/M_Glass.uasset" 595
"../../../../../UnrealProjects/test1/Content/StarterContent/Props/SM_GlassWindow.uasset" 596
"../../../../../UnrealProjects/test1/Content/StarterContent/Props/SM_PillarFrame.uasset" 597
"../../../../../UnrealProjects/test1/Content/StarterContent/Props/SM_PillarFrame300.uasset" 598
"../../../../../UnrealProjects/test1/Content/StarterContent/Textures/T_Statue_M.uasset" 599
"../../../../../UnrealProjects/test1/Content/StarterContent/Textures/T_Statue_N.uasset" 600
"../../../../../UnrealProjects/test1/Content/StarterContent/Props/Materials/M_Statue.uasset" 601
"../../../../../UnrealProjects/test1/Content/StarterContent/Props/Materials/M_StatueGlass.uasset" 602
"../../../../../UnrealProjects/test1/Content/StarterContent/Props/SM_Statue.uasset" 603
"../../../../../UnrealProjects/test1/Content/StarterContent/Textures/T_TableRound_M.uasset" 604
"../../../../../UnrealProjects/test1/Content/StarterContent/Textures/T_TableRound_N.uasset" 605
"../../../../../UnrealProjects/test1/Content/StarterContent/Props/Materials/M_TableRound.uasset" 606
"../../../../../UnrealProjects/test1/Content/StarterContent/Props/SM_TableRound.uasset" 607
"../../../../../UnrealProjects/test1/Content/StarterContent/Props/SM_WindowFrame.uasset" 608
"../../../../../UnrealProjects/test1/Content/StarterContent/Shapes/Shape_Cube.uasset" 609
"../../../../../UnrealProjects/test1/Content/StarterContent/Shapes/Shape_QuadPyramid.uasset" 610
"../../../../../UnrealProjects/test1/Content/StarterContent/Shapes/Shape_Sphere.uasset" 611
"../../Plugins/2D/Paper2D/Content/PlaceholderTextures/DummySpriteTexture.uasset" 612
"../../Plugins/2D/Paper2D/Content/DummySprite.uasset" 613
"../../Plugins/2D/Paper2D/Content/DefaultPaperTerrainMaterial.uasset" 614
"../../Plugins/2D/Paper2D/Content/DefaultSpriteMaterial.uasset" 615
"../../Plugins/2D/Paper2D/Content/MaskedUnlitSpriteMaterial.uasset" 616
"../../Plugins/2D/Paper2D/Content/OpaqueUnlitSpriteMaterial.uasset" 617
"../../../Engine/Content/Functions/Engine_MaterialFunctions02/WorldPositionOffset/ObjectPivotPoint.uasset" 618
"../../Plugins/Enterprise/DatasmithContent/Content/Materials/HDRI_Attributes.uasset" 619
"../../Plugins/Enterprise/DatasmithContent/Content/Materials/HDRI_Projection.uasset" 620
"../../Plugins/Enterprise/DatasmithContent/Content/Materials/MI_HDRI_CameraProjection.uasset" 621
"../../Plugins/Enterprise/DatasmithContent/Content/Materials/MI_HDRI_CenterProjection.uasset" 622
"../../Plugins/Enterprise/DatasmithContent/Content/Meshes/EnviroDome.uasset" 623
"../../Plugins/Enterprise/DatasmithContent/Content/Textures/approaching_storm_4k.uasset" 624
"../../Plugins/Enterprise/DatasmithContent/Content/Datasmith/HDRIBackdrop.uasset" 625
"../../Plugins/Runtime/Oculus/OculusVR/Content/OculusMR_RenderTarget.uasset" 626
"../../../Engine/Content/Functions/Engine_MaterialFunctions02/Utility/BreakOutFloat4Components.uasset" 627
"../../Plugins/Runtime/Oculus/OculusVR/Content/Materials/OculusMR_ChromaKey.uasset" 628
"../../Plugins/Runtime/Oculus/OculusVR/Content/Materials/OculusMR_ChromaKey_Lit.uasset" 629
"../../Plugins/Runtime/Oculus/OculusVR/Content/Materials/OculusMR_OpaqueColoredMaterial.uasset" 630
"../../Plugins/Runtime/Oculus/OculusVR/Content/Materials/OculusMR_WhiteMaterial.uasset" 631
"../../Plugins/Runtime/Oculus/OculusVR/Content/Materials/PokeAHoleMaterial.uasset" 632
"../../Plugins/Runtime/Oculus/OculusVR/Content/Textures/GearVRController_AO.uasset" 633
"../../Plugins/Runtime/Oculus/OculusVR/Content/Textures/GearVRController_Color.uasset" 634
"../../Plugins/Runtime/Oculus/OculusVR/Content/Textures/GearVRController_Normal.uasset" 635
"../../Plugins/Runtime/Oculus/OculusVR/Content/Materials/GearVRControllerMaterial.uasset" 636
"../../Plugins/Runtime/Oculus/OculusVR/Content/Meshes/GearVrController.uasset" 637
"../../Plugins/Runtime/Oculus/OculusVR/Content/Textures/touchController_albedo.uasset" 638
"../../Plugins/Runtime/Oculus/OculusVR/Content/Textures/touchController_controlmap.uasset" 639
"../../Plugins/Runtime/Oculus/OculusVR/Content/Materials/touchController_mat.uasset" 640
"../../Plugins/Runtime/Oculus/OculusVR/Content/Meshes/LeftTouchController.uasset" 641
"../../Plugins/Runtime/Oculus/OculusVR/Content/Meshes/RiftHMD.uasset" 642
"../../Plugins/Runtime/Oculus/OculusVR/Content/Meshes/RightTouchController.uasset" 643
"../../../Engine/Content/Maps/Entry_BuiltData.uasset" 644
"../../../Engine/Content/Maps/Entry.umap" 645
"../../../Engine/Content/EditorBlueprintResources/StandardMacros.uasset" 646
"../../../Engine/Content/EngineSky/C_Sky_Cloud_Color.uasset" 647
"../../../Engine/Content/EngineSky/C_Sky_Horizon_Color.uasset" 648
"../../../Engine/Content/EngineSky/C_Sky_Zenith_Color.uasset" 649
"../../../Engine/Content/EngineSky/T_Sky_Blue.uasset" 650
"../../../Engine/Content/EngineSky/T_Sky_Clouds_M.uasset" 651
"../../../Engine/Content/EngineSky/T_Sky_Stars.uasset" 652
"../../../Engine/Content/EngineSky/M_Sky_Panning_Clouds2.uasset" 653
"../../../Engine/Content/EngineSky/SM_SkySphere.uasset" 654
"../../../Engine/Content/EngineSky/BP_Sky_Sphere.uasset" 655
"../../../../../UnrealProjects/test1/Content/ModularBuildingSet/Textures/window_bump_detal_n.uasset" 656
"../../../../../UnrealProjects/test1/Content/ModularBuildingSet/Textures/window_spec.uasset" 657
"../../../../../UnrealProjects/test1/Content/ModularBuildingSet/materials/Glass/Glass.uasset" 658
"../../../../../UnrealProjects/test1/Content/ModularBuildingSet/Meshes/Store_fronts_doors/store_front_door_a_left.uasset" 659
"../../../../../UnrealProjects/test1/Content/coastal/assets/generic_BP/physics/doorMovement_1.uasset" 660
"../../../../../UnrealProjects/test1/Content/ThirdPersonCPP/Maps/test2_BuiltData.uasset" 661
"../../../Engine/Content/BasicShapes/BasicShapeMaterial.uasset" 662
"../../../../../UnrealProjects/test1/Content/coastal/assets/materials/textures/concrete_plates/TexturesCom_ConcretePlates_3_6x3_6_1K_albedo.uasset" 663
"../../../../../UnrealProjects/test1/Content/coastal/assets/materials/textures/concrete_plates/TexturesCom_ConcretePlates_3_6x3_6_1K_ao.uasset" 664
"../../../../../UnrealProjects/test1/Content/coastal/assets/materials/textures/concrete_plates/TexturesCom_ConcretePlates_3_6x3_6_1K_height.uasset" 665
"../../../../../UnrealProjects/test1/Content/coastal/assets/materials/textures/concrete_plates/TexturesCom_ConcretePlates_3_6x3_6_1K_normal.uasset" 666
"../../../../../UnrealProjects/test1/Content/coastal/assets/materials/textures/concrete_plates/TexturesCom_ConcretePlates_3_6x3_6_1K_roughness.uasset" 667
"../../../../../UnrealProjects/test1/Content/coastal/assets/materials/concentrate/concretePlates_1.uasset" 668
"../../../../../UnrealProjects/test1/Content/coastal/assets/materials/decals/textures/brick_damage/brick_damage1.uasset" 669
"../../../../../UnrealProjects/test1/Content/coastal/assets/materials/decals/brick_damage/brickDamage1.uasset" 670
"../../../../../UnrealProjects/test1/Content/coastal/assets/materials/textures/wood_floor/wood_floor1/WoodFloor08_col.uasset" 671
"../../../../../UnrealProjects/test1/Content/coastal/assets/materials/textures/wood_floor/wood_floor1/WoodFloor08_disp.uasset" 672
"../../../../../UnrealProjects/test1/Content/coastal/assets/materials/textures/wood_floor/wood_floor1/WoodFloor08_nrm.uasset" 673
"../../../../../UnrealProjects/test1/Content/coastal/assets/materials/textures/wood_floor/wood_floor1/WoodFloor08_rgh.uasset" 674
"../../../../../UnrealProjects/test1/Content/coastal/assets/materials/floor/wood/woodFloor1.uasset" 675
"../../../../../UnrealProjects/test1/Content/coastal/assets/materials/textures/roadblock_temp/barriere_low_ao.uasset" 676
"../../../../../UnrealProjects/test1/Content/coastal/assets/materials/textures/roadblock_temp/barriere_low_baseColor.uasset" 677
"../../../../../UnrealProjects/test1/Content/coastal/assets/materials/textures/roadblock_temp/barriere_low_metalness.uasset" 678
"../../../../../UnrealProjects/test1/Content/coastal/assets/materials/textures/roadblock_temp/barriere_low_normal.uasset" 679
"../../../../../UnrealProjects/test1/Content/coastal/assets/materials/textures/roadblock_temp/barriere_low_roughness.uasset" 680
"../../../../../UnrealProjects/test1/Content/coastal/assets/materials/roadblocks/roadblock_temp1.uasset" 681
"../../../../../UnrealProjects/test1/Content/coastal/assets/materials/textures/misc/shop_signs/led_screen.uasset" 682
"../../../../../UnrealProjects/test1/Content/coastal/assets/meshes/generic_barTable1/materials/ledScreen1.uasset" 683
"../../../../../UnrealProjects/test1/Content/coastal/assets/meshes/generic_barTable1/materials/test1.uasset" 684
"../../../../../UnrealProjects/test1/Content/coastal/assets/meshes/generic_buhlo1/materials/alco1.uasset" 685
"../../../../../UnrealProjects/test1/Content/coastal/assets/meshes/generic_drinksStand1/mirrorMTL.uasset" 686
"../../../../../UnrealProjects/test1/Content/Env/NYC_Midtown/NYC_Midtown3/Textures/T_NYC_StoreFront_01_B_NRM.uasset" 687
"../../../../../UnrealProjects/test1/Content/Env/NYC_Midtown/NYC_Midtown5/Textures/T_Ice_Noise.uasset" 688
"../../../../../UnrealProjects/test1/Content/Env/NYC_Midtown/NYC_Midtown5/Textures/T_NYC_StoreFront_01_B.uasset" 689
"../../../../../UnrealProjects/test1/Content/Env/NYC_Midtown/NYC_Midtown5/Textures/T_NYC_StoreFront_02_D.uasset" 690
"../../../../../UnrealProjects/test1/Content/Env/NYC_Midtown/NYC_Midtown3/Materials/M_StoreFront_01.uasset" 691
"../../../../../UnrealProjects/test1/Content/Env/NYC_Midtown/NYC_Midtown5/Textures/T_NYC_StoreFront_3_D.uasset" 692
"../../../../../UnrealProjects/test1/Content/Env/NYC_Midtown/NYC_Midtown5/Textures/T_NYC_StoreFront_3_M.uasset" 693
"../../../../../UnrealProjects/test1/Content/Env/NYC_Midtown/NYC_Midtown5/Textures/T_NYC_StoreFront_3_N.uasset" 694
"../../../../../UnrealProjects/test1/Content/Env/NYC_Midtown/NYC_Midtown5/Materials/M_StoreFront_3.uasset" 695
"../../../../../UnrealProjects/test1/Content/FootstepSound/Materials/Physical_Materials/11_Wood_Physic_Mat.uasset" 696
"../../../../../UnrealProjects/test1/Content/FootstepSound/Materials/Materials/Wood_Mat.uasset" 697
"../../../../../UnrealProjects/test1/Content/ModularBuildingSet/Textures/bricks_red_c.uasset" 698
"../../../../../UnrealProjects/test1/Content/ModularBuildingSet/Textures/bricks_red_g.uasset" 699
"../../../../../UnrealProjects/test1/Content/ModularBuildingSet/Textures/bricks_red_n.uasset" 700
"../../../../../UnrealProjects/test1/Content/ModularBuildingSet/materials/Bricks_Tiles/bricks_red.uasset" 701
"../../../../../UnrealProjects/test1/Content/ModularBuildingSet/materials/Glass/Glass2.uasset" 702
"../../../../../UnrealProjects/test1/Content/ModularBuildingSet/materials/Glass/Glass_Opaque.uasset" 703
"../../../../../UnrealProjects/test1/Content/StarterContent/Textures/T_Wood_Pine_D.uasset" 704
"../../../../../UnrealProjects/test1/Content/StarterContent/Textures/T_Wood_Pine_N.uasset" 705
"../../../../../UnrealProjects/test1/Content/StarterContent/Materials/M_Wood_Pine.uasset" 706
"../../../../../UnrealProjects/test1/Content/StarterContent/Textures/T_Wood_Walnut_D.uasset" 707
"../../../../../UnrealProjects/test1/Content/StarterContent/Textures/T_Wood_Walnut_N.uasset" 708
"../../../../../UnrealProjects/test1/Content/StarterContent/Materials/M_Wood_Walnut.uasset" 709
"../../../../../UnrealProjects/test1/Content/coastal/assets/materials/HDR/emissive_HDR1_Inst1.uasset" 710
"../../../../../UnrealProjects/test1/Content/coastal/assets/materials/textures/zebra/zebra4K.uasset" 711
"../../../../../UnrealProjects/test1/Content/coastal/assets/materials/zebra/Zebra.uasset" 712
"../../../../../UnrealProjects/test1/Content/coastal/assets/materials/zebra/Zebra_blue.uasset" 713
"../../../../../UnrealProjects/test1/Content/coastal/assets/meshes/generic_barTable1/materials/emissive_HDR1_Inst5.uasset" 714
"../../../../../UnrealProjects/test1/Content/coastal/assets/meshes/generic_buhlo1/materials/M_Glass.uasset" 715
"../../../../../UnrealProjects/test1/Content/coastal/assets/meshes/generic_buhlo1/materials/M_Glass_Inst.uasset" 716
"../../../../../UnrealProjects/test1/Content/coastal/assets/meshes/generic_dragonLogo1/emissive_HDR1_Inst6.uasset" 717
"../../../../../UnrealProjects/test1/Content/coastal/assets/meshes/generic_drinksStand1/emissive_HDR1_Inst7.uasset" 718
"../../../../../UnrealProjects/test1/Content/Env/NYC_Midtown/NYC_Midtown3/Materials/M_StoreFront_01_Inst.uasset" 719
"../../../Engine/Content/BasicShapes/Cube.uasset" 720
"../../../../../UnrealProjects/test1/Content/coastal/assets/materials/textures/TexturesCom_RoughConcrete2_2x2_1K_albedo.uasset" 721
"../../../../../UnrealProjects/test1/Content/coastal/assets/materials/textures/TexturesCom_RoughConcrete2_2x2_1K_ao.uasset" 722
"../../../../../UnrealProjects/test1/Content/coastal/assets/materials/textures/TexturesCom_RoughConcrete2_2x2_1K_height.uasset" 723
"../../../../../UnrealProjects/test1/Content/coastal/assets/materials/textures/TexturesCom_RoughConcrete2_2x2_1K_normal.uasset" 724
"../../../../../UnrealProjects/test1/Content/coastal/assets/materials/textures/TexturesCom_RoughConcrete2_2x2_1K_roughness.uasset" 725
"../../../../../UnrealProjects/test1/Content/coastal/assets/materials/concentrate/Concentrate1K.uasset" 726
"../../../../../UnrealProjects/test1/Content/Box_Brush_StaticMesh.uasset" 727
"../../../../../UnrealProjects/test1/Content/coastal/assets/meshes/barriere_low_fbx.uasset" 728
"../../../../../UnrealProjects/test1/Content/coastal/assets/meshes/generic_barTable1/materials/Material_003.uasset" 729
"../../../../../UnrealProjects/test1/Content/coastal/assets/meshes/generic_barTable1/materials/Material_004.uasset" 730
"../../../../../UnrealProjects/test1/Content/coastal/assets/meshes/generic_barTable1/bar_stand_a.uasset" 731
"../../../../../UnrealProjects/test1/Content/coastal/assets/meshes/generic_barTable1/Material_002.uasset" 732
"../../../../../UnrealProjects/test1/Content/coastal/assets/meshes/generic_barTable1/Material_007.uasset" 733
"../../../../../UnrealProjects/test1/Content/coastal/assets/meshes/generic_barTable1/bar_stand_corner.uasset" 734
"../../../../../UnrealProjects/test1/Content/coastal/assets/meshes/generic_dragonLogo1/dragon_logo.uasset" 735
"../../../../../UnrealProjects/test1/Content/coastal/assets/meshes/generic_drinksStand1/Material_002.uasset" 736
"../../../../../UnrealProjects/test1/Content/coastal/assets/meshes/generic_drinksStand1/Material_003.uasset" 737
"../../../../../UnrealProjects/test1/Content/coastal/assets/meshes/generic_drinksStand1/Material_004.uasset" 738
"../../../../../UnrealProjects/test1/Content/coastal/assets/meshes/generic_drinksStand1/Material_005.uasset" 739
"../../../../../UnrealProjects/test1/Content/coastal/assets/meshes/generic_drinksStand1/bar_alcohol_stand1.uasset" 740
"../../../../../UnrealProjects/test1/Content/coastal/assets/materials/textures/misc/shop_signs/yankees_ricebox1.uasset" 741
"../../../../../UnrealProjects/test1/Content/coastal/assets/materials/textures/misc/shop_signs/yankees_ricebox1_diffuse.uasset" 742
"../../../../../UnrealProjects/test1/Content/coastal/assets/materials/misc/shop_sings/yankeesRicebox_1.uasset" 743
"../../../../../UnrealProjects/test1/Content/coastal/assets/materials/misc/shop_sings/yankeesRicebox_1_Inst.uasset" 744
"../../../../../UnrealProjects/test1/Content/coastal/assets/meshes/shop_signs/yankees_ricebox1.uasset" 745
"../../../../../UnrealProjects/test1/Content/coastal/assets/meshes/zebras/zebra_road1.uasset" 746
"../../../../../UnrealProjects/test1/Content/Env/NYC_Buildings/NYC_LowPolyBuildings/Textures/T_CityBuildings.uasset" 747
"../../../../../UnrealProjects/test1/Content/Env/NYC_Buildings/NYC_LowPolyBuildings/Textures/T_CityBuildings_E.uasset" 748
"../../../../../UnrealProjects/test1/Content/Env/NYC_Buildings/NYC_LowPolyBuildings/Materials/M_NYC_ProtoCityBuildings.uasset" 749
"../../../../../UnrealProjects/test1/Content/Env/NYC_Buildings/NYC_LowPolyBuildings/StaticMesh/SM_NYC_LowPolyBuildings_Set01_Mid.uasset" 750
"../../../../../UnrealProjects/test1/Content/Env/NYC_Deco_Exterior/NYC_Deco_Exterior_01/Textures/T_NYC_Deco_Exterior01_Bollard01_D.uasset" 751
"../../../../../UnrealProjects/test1/Content/Env/NYC_Deco_Exterior/NYC_Deco_Exterior_01/Textures/T_NYC_Deco_Exterior01_Bollard01_M.uasset" 752
"../../../../../UnrealProjects/test1/Content/Env/NYC_Deco_Exterior/NYC_Deco_Exterior_01/Textures/T_NYC_Deco_Exterior01_Bollard01_N.uasset" 753
"../../../../../UnrealProjects/test1/Content/Env/NYC_Deco_Exterior/NYC_Deco_Exterior_01/Materials/M_NYC_Deco_Exterior_Bollard_01.uasset" 754
"../../../../../UnrealProjects/test1/Content/Env/NYC_Deco_Exterior/NYC_Deco_Exterior_01/StaticMesh/SM_NYC_Deco_Exterior01_Bollard02.uasset" 755
"../../../../../UnrealProjects/test1/Content/Env/NYC_Deco_Exterior/NYC_Deco_Exterior_01/Textures/T_NYC_Deco_Exterior01_FireHydrant01_D.uasset" 756
"../../../../../UnrealProjects/test1/Content/Env/NYC_Deco_Exterior/NYC_Deco_Exterior_01/Textures/T_NYC_Deco_Exterior01_FireHydrant01_M.uasset" 757
"../../../../../UnrealProjects/test1/Content/Env/NYC_Deco_Exterior/NYC_Deco_Exterior_01/Textures/T_NYC_Deco_Exterior01_FireHydrant01_N.uasset" 758
"../../../../../UnrealProjects/test1/Content/Env/NYC_Deco_Exterior/NYC_Deco_Exterior_01/Materials/M_NYC_Deco_Exterior_FireHydrant_01.uasset" 759
"../../../../../UnrealProjects/test1/Content/Env/NYC_Deco_Exterior/NYC_Deco_Exterior_01/StaticMesh/SM_NYC_Deco_Exterior01_FireHydrant01.uasset" 760
"../../../../../UnrealProjects/test1/Content/Env/NYC_Buildings/NYC_Buildings02/Textures/T_NYC_Deco_Exterior01_Newsstand01_Signs2_D.uasset" 761
"../../../../../UnrealProjects/test1/Content/Env/NYC_Deco_Exterior/NYC_Deco_Exterior_03/Textures/T_SmoothNoise02.uasset" 762
"../../../../../UnrealProjects/test1/Content/Env/NYC_Deco_Exterior/NYC_Deco_Exterior_03/Materials/M_Newstand_Billboard_3-4.uasset" 763
"../../../../../UnrealProjects/test1/Content/Env/NYC_Deco_Exterior/NYC_Deco_Exterior_03/Textures/T_NYC_Deco_BusStop01b_D.uasset" 764
"../../../../../UnrealProjects/test1/Content/Env/NYC_Deco_Exterior/NYC_Deco_Exterior_03/Textures/T_NYC_Deco_BusStop01b_M.uasset" 765
"../../../../../UnrealProjects/test1/Content/Env/NYC_Deco_Exterior/NYC_Deco_Exterior_03/Materials/M_NYC_BusStop_Glass.uasset" 766
"../../../../../UnrealProjects/test1/Content/Env/NYC_Deco_Exterior/NYC_Deco_Exterior_03/Textures/T_NYC_Deco_BusStop01a_D.uasset" 767
"../../../../../UnrealProjects/test1/Content/Env/NYC_Deco_Exterior/NYC_Deco_Exterior_03/Textures/T_NYC_Deco_BusStop01a_M.uasset" 768
"../../../../../UnrealProjects/test1/Content/Env/NYC_Deco_Exterior/NYC_Deco_Exterior_03/Textures/T_NYC_Deco_BusStop01a_N.uasset" 769
"../../../../../UnrealProjects/test1/Content/Env/NYC_Deco_Exterior/NYC_Deco_Exterior_03/Materials/M_NYC_Deco_BusStop01.uasset" 770
"../../../../../UnrealProjects/test1/Content/Env/NYC_Deco_Exterior/NYC_Deco_Exterior_03/StaticMesh/SM_NYC_Deco_BusStop01_384h_512w.uasset" 771
"../../../../../UnrealProjects/test1/Content/Env/NYC_Deco_Exterior/NYC_Deco_Exterior_04/Textures/T_HU_Deco_SM_Dumpster2_D.uasset" 772
"../../../../../UnrealProjects/test1/Content/Env/NYC_Deco_Exterior/NYC_Deco_Exterior_04/Textures/T_HU_Deco_SM_Dumpster2_N.uasset" 773
"../../../../../UnrealProjects/test1/Content/Env/NYC_Deco_Exterior/NYC_Deco_Exterior_04/Materials/M__HU_Deco_SM_Dumpster2_01.uasset" 774
"../../../../../UnrealProjects/test1/Content/Env/NYC_Deco_Exterior/NYC_Deco_Exterior_04/StaticMesh/SM_HU_Deco_SM_Dumpster2_01.uasset" 775
"../../../../../UnrealProjects/test1/Content/Env/NYC_Deco_Exterior/NYC_Deco_Exterior_04/Textures/T_HU_Deco_SM_Trash_D.uasset" 776
"../../../../../UnrealProjects/test1/Content/Env/NYC_Deco_Exterior/NYC_Deco_Exterior_04/Textures/T_HU_Deco_SM_Trash_N.uasset" 777
"../../../../../UnrealProjects/test1/Content/Env/NYC_Deco_Exterior/NYC_Deco_Exterior_04/Materials/M_HU_Deco_SM_Trash.uasset" 778
"../../../../../UnrealProjects/test1/Content/Env/NYC_Deco_Exterior/NYC_Deco_Exterior_04/StaticMesh/SM_HU_Deco_SM_Trash01.uasset" 779
"../../../../../UnrealProjects/test1/Content/Env/NYC_Deco_Exterior/NYC_Deco_Exterior_04/Textures/T_HU_Deco_SM_Trashcan_D.uasset" 780
"../../../../../UnrealProjects/test1/Content/Env/NYC_Deco_Exterior/NYC_Deco_Exterior_04/Textures/T_HU_Deco_SM_Trashcan_M.uasset" 781
"../../../../../UnrealProjects/test1/Content/Env/NYC_Deco_Exterior/NYC_Deco_Exterior_04/Textures/T_HU_Deco_SM_Trashcan_Mask.uasset" 782
"../../../../../UnrealProjects/test1/Content/Env/NYC_Deco_Exterior/NYC_Deco_Exterior_04/Textures/T_HU_Deco_SM_Trashcan_N2.uasset" 783
"../../../../../UnrealProjects/test1/Content/Env/NYC_Deco_Exterior/NYC_Deco_Exterior_04/Materials/M_HU_Deco_SM_Trashcan.uasset" 784
"../../../../../UnrealProjects/test1/Content/Env/NYC_Deco_Exterior/NYC_Deco_Exterior_04/Materials/M_HU_Deco_SM_Trashcan_Inst.uasset" 785
"../../../../../UnrealProjects/test1/Content/Env/NYC_Deco_Exterior/NYC_Deco_Exterior_04/StaticMesh/SM_HU_Deco_SM_Trashcan.uasset" 786
"../../../../../UnrealProjects/test1/Content/Env/NYC_Deco_Exterior/NYC_Deco_Exterior_04/StaticMesh/SM_HU_Deco_SM_Trashcan_03.uasset" 787
"../../../../../UnrealProjects/test1/Content/Env/NYC_Midtown/NYC_Midtown2/Textures/T_NYC_ShopAwnings_01_D.uasset" 788
"../../../../../UnrealProjects/test1/Content/Env/NYC_Midtown/NYC_Midtown2/Textures/T_NYC_ShopAwnings_01_N.uasset" 789
"../../../../../UnrealProjects/test1/Content/Env/NYC_Midtown/NYC_Midtown2/Materials/M_ShopAwning_01.uasset" 790
"../../../../../UnrealProjects/test1/Content/Env/NYC_Midtown/NYC_Midtown2/StaticMesh/SM_ShopSet_Awning_02.uasset" 791
"../../../../../UnrealProjects/test1/Content/Env/NYC_Midtown/NYC_Midtown3/Textures/T_NYC_ShopLightsGlass_01_D.uasset" 792
"../../../../../UnrealProjects/test1/Content/Env/NYC_Midtown/NYC_Midtown3/Textures/T_NYC_ShopLightsGlass_01_N.uasset" 793
"../../../../../UnrealProjects/test1/Content/Env/NYC_Midtown/NYC_Midtown5/Textures/T_NYC_ShopPodGlass_01_M.uasset" 794
"../../../../../UnrealProjects/test1/Content/Env/NYC_Midtown/NYC_Midtown3/Materials/M_ShopLightsGlass_01.uasset" 795
"../../../../../UnrealProjects/test1/Content/Env/NYC_Midtown/NYC_Midtown1/Textures/T_NYC_Grunge_01_D.uasset" 796
"../../../../../UnrealProjects/test1/Content/Env/NYC_Midtown/NYC_Midtown3/Textures/T_NYC_ShopLightsMetal_01_D.uasset" 797
"../../../../../UnrealProjects/test1/Content/Env/NYC_Midtown/NYC_Midtown3/Textures/T_NYC_ShopLightsMetal_01_N.uasset" 798
"../../../../../UnrealProjects/test1/Content/Env/NYC_Midtown/NYC_Midtown3/Materials/M_ShopLightsMetal_01.uasset" 799
"../../../../../UnrealProjects/test1/Content/Env/NYC_Midtown/NYC_Midtown3/StaticMesh/SM_ShopSet_Lights_01.uasset" 800
"../../../../../UnrealProjects/test1/Content/Env/NYC_Midtown/NYC_Midtown2/Textures/T_NYC_ShopGatePanel_01_N.uasset" 801
"../../../../../UnrealProjects/test1/Content/Env/NYC_Midtown/NYC_Midtown5/Textures/T_NYC_ShopGatePanel_01_D.uasset" 802
"../../../../../UnrealProjects/test1/Content/Env/NYC_Midtown/NYC_Midtown5/Materials/M_ShopGatePanel_01.uasset" 803
"../../../../../UnrealProjects/test1/Content/Env/NYC_Midtown/NYC_Midtown2/Textures/T_NYC_ShopGateTrim_01_D.uasset" 804
"../../../../../UnrealProjects/test1/Content/Env/NYC_Midtown/NYC_Midtown2/Textures/T_NYC_ShopGateTrim_01_N.uasset" 805
"../../../../../UnrealProjects/test1/Content/Env/NYC_Midtown/NYC_Midtown5/Materials/M_ShopGateTrim_01.uasset" 806
"../../../../../UnrealProjects/test1/Content/Env/NYC_Midtown/NYC_Midtown2/Textures/T_NYC_ShopRails_01_N.uasset" 807
"../../../../../UnrealProjects/test1/Content/Env/NYC_Midtown/NYC_Midtown5/Textures/T_NYC_ShopRails_01_D.uasset" 808
"../../../../../UnrealProjects/test1/Content/Env/NYC_Midtown/NYC_Midtown5/Materials/M_ShopRails_01.uasset" 809
"../../../../../UnrealProjects/test1/Content/Env/NYC_Midtown/NYC_Midtown5/Materials/M_StoreFront_01.uasset" 810
"../../../../../UnrealProjects/test1/Content/Env/NYC_Midtown/NYC_Midtown5/StaticMesh/SM_BrickSet_Shopgate01.uasset" 811
"../../../../../UnrealProjects/test1/Content/Env/NYC_Buildings/NYC_Buildings01/Textures/T_NYC_Buildings03_ConcreteBrick01_Brick_SM2.uasset" 812
"../../../../../UnrealProjects/test1/Content/Env/NYC_Midtown/NYC_Midtown5/Materials/M_MET_WindowGlass_Dirty.uasset" 813
"../../../../../UnrealProjects/test1/Content/Env/NYC_Buildings/NYC_SetB_02/Textures/T_NYC_SetB_AC_01_a_D.uasset" 814
"../../../../../UnrealProjects/test1/Content/Env/NYC_Buildings/NYC_SetB_02/Textures/T_NYC_SetB_AC_01_M.uasset" 815
"../../../../../UnrealProjects/test1/Content/Env/NYC_Buildings/NYC_SetB_02/Textures/T_NYC_SetB_AC_01_N.uasset" 816
"../../../../../UnrealProjects/test1/Content/Env/NYC_Midtown/NYC_Midtown5/Textures/T_NYC_SetB_AC_01_b_D.uasset" 817
"../../../../../UnrealProjects/test1/Content/Env/NYC_Midtown/NYC_Midtown5/Materials/M_NYC_SetB_AC.uasset" 818
"../../../../../UnrealProjects/test1/Content/Env/NYC_Midtown/NYC_Midtown5/Textures/T_NYC_ShopWindow_01_D.uasset" 819
"../../../../../UnrealProjects/test1/Content/Env/NYC_Midtown/NYC_Midtown5/Textures/T_NYC_ShopWindow_01_N.uasset" 820
"../../../../../UnrealProjects/test1/Content/Env/NYC_Midtown/NYC_Midtown5/Materials/M_StoreFrontWindow_01.uasset" 821
"../../../../../UnrealProjects/test1/Content/Env/NYC_Midtown/NYC_Midtown5/StaticMesh/SM_BrickSet_Windows02.uasset" 822
"../../../../../UnrealProjects/test1/Content/Env/NYC_Midtown/NYC_Midtown5/StaticMesh/SM_Midtown05_BuildChunk01_BOT_Straight02.uasset" 823
"../../../../../UnrealProjects/test1/Content/Env/NYC_Midtown/NYC_Midtown5/StaticMesh/SM_Midtown05_BuildChunk01_MID_Straight01.uasset" 824
"../../../../../UnrealProjects/test1/Content/Env/NYC_Sidewalks/Textures/MetalBase_Normals.uasset" 825
"../../../../../UnrealProjects/test1/Content/Env/NYC_Sidewalks/Textures/T_NYC_Sidewalks_Concrete_02_Cleaner_D.uasset" 826
"../../../../../UnrealProjects/test1/Content/Env/NYC_Sidewalks/Textures/T_NYC_Sidewalks_Concrete_02_D.uasset" 827
"../../../../../UnrealProjects/test1/Content/Env/NYC_Sidewalks/Textures/T_NYC_Sidewalks_Concrete_02_N.uasset" 828
"../../../../../UnrealProjects/test1/Content/Env/NYC_Sidewalks/Materials/M_NYC_Sidewalks_Corner_02.uasset" 829
"../../../../../UnrealProjects/test1/Content/Env/NYC_Sidewalks/StaticMesh/SM_NYC_Sidewalks_Straight_01.uasset" 830
"../../../../../UnrealProjects/test1/Content/Env/NYC_Streets/Textures/T_NYC_Asphalt_02_D.uasset" 831
"../../../../../UnrealProjects/test1/Content/Env/NYC_Streets/Textures/T_NYC_Asphalt_02_N.uasset" 832
"../../../../../UnrealProjects/test1/Content/Env/NYC_Streets/Textures/T_NYC_Asphalt_04_D.uasset" 833
"../../../../../UnrealProjects/test1/Content/Env/NYC_Streets/Textures/T_NYC_Asphalt_04_N.uasset" 834
"../../../../../UnrealProjects/test1/Content/Env/NYC_Streets/Textures/T_NYC_AsphaltStripe_01_M.uasset" 835
"../../../../../UnrealProjects/test1/Content/Env/NYC_Streets/Textures/T_PuddleMask.uasset" 836
"../../../../../UnrealProjects/test1/Content/Env/NYC_Streets/Materials/M_AsphaltBlend2.uasset" 837
"../../../../../UnrealProjects/test1/Content/Env/NYC_Streets/Materials/M_AsphaltBlend2_Inst.uasset" 838
"../../../../../UnrealProjects/test1/Content/Env/NYC_Streets/StaticMesh/SM_NYC_Road_2Lane.uasset" 839
"../../../../../UnrealProjects/test1/Content/LightProfilePack/Lighting/Profiles/Beam2.uasset" 840
"../../../../../UnrealProjects/test1/Content/ModularBuildingSet/Textures/cloth_awning_intact_c.uasset" 841
"../../../../../UnrealProjects/test1/Content/ModularBuildingSet/Textures/cloth_awning_intact_g.uasset" 842
"../../../../../UnrealProjects/test1/Content/ModularBuildingSet/Textures/cloth_awning_intact_n.uasset" 843
"../../../../../UnrealProjects/test1/Content/ModularBuildingSet/materials/Cloth/cloth_awning_intact__default.uasset" 844
"../../../../../UnrealProjects/test1/Content/ModularBuildingSet/Meshes/Building_Deco/deco_store_awning_intact_4x1.uasset" 845
"../../../../../UnrealProjects/test1/Content/ModularBuildingSet/materials/black_interior.uasset" 846
"../../../../../UnrealProjects/test1/Content/ModularBuildingSet/Textures/tiles_wall_broken_c.uasset" 847
"../../../../../UnrealProjects/test1/Content/ModularBuildingSet/Textures/tiles_wall_broken_g.uasset" 848
"../../../../../UnrealProjects/test1/Content/ModularBuildingSet/Textures/tiles_wall_broken_n.uasset" 849
"../../../../../UnrealProjects/test1/Content/ModularBuildingSet/materials/Bricks_Tiles/tile_trim___default.uasset" 850
"../../../../../UnrealProjects/test1/Content/ModularBuildingSet/Meshes/Store_fronts/store_front_windows_intact_4x1_b.uasset" 851
"../../../../../UnrealProjects/test1/Content/ModularBuildingSet/Meshes/Walls_Grounds/plane_wall_left_2x3.uasset" 852
"../../../../../UnrealProjects/test1/Content/ModularBuildingSet/Meshes/Walls_Grounds/plane_wall_right_2x2.uasset" 853
"../../../Engine/Content/Functions/MaterialLayerFunctions/MatLayerBlend_BakedNormal.uasset" 854
"../../../Engine/Content/Functions/MaterialLayerFunctions/MatLayerBlend_ModulateRoughness.uasset" 855
"../../../Engine/Content/Functions/MaterialLayerFunctions/MatLayerBlend_Standard.uasset" 856
"../../../../../UnrealProjects/test1/Content/SoulCity/Environment/Textures/Building_Slum/T_Patina_Metal_D.uasset" 857
"../../../../../UnrealProjects/test1/Content/SoulCity/Environment/Textures/Building_Slum/T_Slums_TilingMetal_n.uasset" 858
"../../../../../UnrealProjects/test1/Content/SoulCity/Environment/Materials/MaterialLayers/MF_Slums_Metal.uasset" 859
"../../../../../UnrealProjects/test1/Content/SoulCity/Environment/Textures/Building_Slum/T_Slums_Metal_Scratches_02_D.uasset" 860
"../../../../../UnrealProjects/test1/Content/SoulCity/Environment/Textures/Building_Slum/T_Slums_Metal_Scratches_02_N.uasset" 861
"../../../../../UnrealProjects/test1/Content/SoulCity/Environment/Textures/Building_Slum/T_Slums_TilingMetal_D.uasset" 862
"../../../../../UnrealProjects/test1/Content/SoulCity/Environment/Materials/MaterialLayers/MF_Slums_Paint.uasset" 863
"../../../../../UnrealProjects/test1/Content/SoulCity/Environment/Textures/Building_Slum/T_Slums_Metal_Rust_03_D.uasset" 864
"../../../../../UnrealProjects/test1/Content/SoulCity/Environment/Textures/Building_Slum/T_Slums_Metal_Rust_03_N.uasset" 865
"../../../../../UnrealProjects/test1/Content/SoulCity/Environment/Materials/MaterialLayers/MF_Slums_Rusted.uasset" 866
"../../../../../UnrealProjects/test1/Content/SoulCity/Environment/Textures/Building_Slum/T_Slums_MetalTexture_M.uasset" 867
"../../../../../UnrealProjects/test1/Content/SoulCity/Environment/Textures/Building_Slum/T_Slums_MetalTexture_N.uasset" 868
"../../../../../UnrealProjects/test1/Content/SoulCity/Environment/Materials/Building/M_Slums_Metalwork.uasset" 869
"../../../../../UnrealProjects/test1/Content/SoulCity/Environment/Materials/Building/MI_Slums_Metalwork.uasset" 870
"../../../../../UnrealProjects/test1/Content/SoulCity/Environment/Textures/Building_Slum/T_Slums_PipeTexture_01_M.uasset" 871
"../../../../../UnrealProjects/test1/Content/SoulCity/Environment/Textures/Building_Slum/T_Slums_PipeTexture_01_N.uasset" 872
"../../../../../UnrealProjects/test1/Content/SoulCity/Environment/Materials/Building/MI_Slums_Metalwork_Vent.uasset" 873
"../../../../../UnrealProjects/test1/Content/SoulCity/Environment/Meshes/Building_Slum/SM_Slums_Pipe_03b.uasset" 874
"../../../../../UnrealProjects/test1/Content/ThirdPersonCPP/Maps/test2.umap" 875
"../../../Engine/Content/EngineMeshes/Humanoid.uasset" 876
"../../../../../UnrealProjects/test1/Content/Mannequin/Character/Mesh/UE4_Mannequin_Skeleton.uasset" 877
"../../../../../UnrealProjects/test1/Content/Mannequin/Animations/ThirdPerson_Jump.uasset" 878
"../../../../../UnrealProjects/test1/Content/Mannequin/Animations/ThirdPersonJump_Loop.uasset" 879
"../../../../../UnrealProjects/test1/Content/Mannequin/Animations/ThirdPersonJump_Start.uasset" 880
"../../../../../UnrealProjects/test1/Content/Mannequin/Animations/ThirdPersonIdle.uasset" 881
"../../../../../UnrealProjects/test1/Content/Mannequin/Animations/ThirdPersonRun.uasset" 882
"../../../../../UnrealProjects/test1/Content/Mannequin/Animations/ThirdPersonWalk.uasset" 883
"../../../../../UnrealProjects/test1/Content/Mannequin/Animations/ThirdPerson_IdleRun_2D.uasset" 884
"../../../../../UnrealProjects/test1/Content/Mannequin/Animations/ThirdPerson_AnimBP.uasset" 885
"../../../Engine/Content/Functions/MaterialLayerFunctions/MatLayerBlend_NormalBlend.uasset" 886
"../../../Engine/Content/Functions/MaterialLayerFunctions/MatLayerBlend_Simple.uasset" 887
"../../../../../UnrealProjects/test1/Content/Mannequin/Character/Materials/MaterialLayers/T_ML_Rubber_Blue_01_D.uasset" 888
"../../../../../UnrealProjects/test1/Content/Mannequin/Character/Materials/MaterialLayers/T_ML_Rubber_Blue_01_N.uasset" 889
"../../../../../UnrealProjects/test1/Content/Mannequin/Character/Materials/MaterialLayers/ML_GlossyBlack_Latex_UE4.uasset" 890
"../../../../../UnrealProjects/test1/Content/Mannequin/Character/Materials/MaterialLayers/ML_Plastic_Shiny_Beige.uasset" 891
"../../../../../UnrealProjects/test1/Content/Mannequin/Character/Textures/UE4_LOGO_CARD.uasset" 892
"../../../../../UnrealProjects/test1/Content/Mannequin/Character/Materials/MaterialLayers/ML_Plastic_Shiny_Beige_LOGO.uasset" 893
"../../../../../UnrealProjects/test1/Content/Mannequin/Character/Materials/MaterialLayers/T_ML_Aluminum01.uasset" 894
"../../../../../UnrealProjects/test1/Content/Mannequin/Character/Materials/MaterialLayers/T_ML_Aluminum01_N.uasset" 895
"../../../../../UnrealProjects/test1/Content/Mannequin/Character/Materials/MaterialLayers/ML_SoftMetal_UE4.uasset" 896
"../../../../../UnrealProjects/test1/Content/Mannequin/Character/Textures/UE4_Mannequin__normals.uasset" 897
"../../../../../UnrealProjects/test1/Content/Mannequin/Character/Textures/UE4_Mannequin_MAT_MASKA.uasset" 898
"../../../../../UnrealProjects/test1/Content/Mannequin/Character/Materials/M_UE4Man_Body.uasset" 899
"../../../../../UnrealProjects/test1/Content/Mannequin/Character/Textures/UE4Man_Logo_N.uasset" 900
"../../../../../UnrealProjects/test1/Content/Mannequin/Character/Materials/M_UE4Man_ChestLogo.uasset" 901
"../../../../../UnrealProjects/test1/Content/Mannequin/Character/Mesh/SK_Mannequin_PhysicsAsset.uasset" 902
"../../../../../UnrealProjects/test1/Content/Mannequin/Character/Mesh/SK_Mannequin.uasset" 903
"../../../../../UnrealProjects/test1/Content/ThirdPersonCPP/Blueprints/ThirdPersonCharacter.uasset" 904
"../../Plugins/Runtime/SunPosition/Content/Editor/T_Compass.uasset" 905
"../../Plugins/Runtime/SunPosition/Content/Editor/M_Compass.uasset" 906
"../../../Engine/Content/EditorMeshes/EditorCylinder.uasset" 907
"../../Plugins/Runtime/SunPosition/Content/BP_SunPosition.uasset" 908
"../../../../../UnrealProjects/test1/Content/ThirdPersonCPP/Maps/ThirdPersonExampleMap_BuiltData.uasset" 909
"../../../../../UnrealProjects/test1/Content/coastal/assets/materials/HDR/emissive_HDR1_Inst5.uasset" 910
"../../../../../UnrealProjects/test1/Content/ModularBuildingSet/Meshes/Store_fronts_interiors/store_front_windows_intact_4x1_b.uasset" 911
"../../../../../UnrealProjects/test1/Content/SoulCity/Environment/Textures/Effects/T_Lensflare_01_D.uasset" 912
"../../../../../UnrealProjects/test1/Content/ThirdPerson/Meshes/RampMaterial.uasset" 913
"../../../../../UnrealProjects/test1/Content/ThirdPerson/Meshes/Bump_StaticMesh.uasset" 914
"../../../../../UnrealProjects/test1/Content/ThirdPerson/Meshes/LeftArm_StaticMesh.uasset" 915
"../../../../../UnrealProjects/test1/Content/ThirdPerson/Meshes/Linear_Stair_StaticMesh.uasset" 916
"../../../../../UnrealProjects/test1/Content/ThirdPerson/Meshes/Ramp_StaticMesh.uasset" 917
"../../../../../UnrealProjects/test1/Content/ThirdPerson/Meshes/RightArm_StaticMesh.uasset" 918
"../../../../../UnrealProjects/test1/Content/ThirdPersonCPP/Maps/ThirdPersonExampleMap.umap" 919
